"../../../Engine/Content/Animation/DefaultAnimCurveCompressionSettings.uasset" 0
"../../../Engine/Content/ArtTools/RenderToTexture/Enums/RenderToTexture_Enum.uasset" 1
"../../../Engine/Content/ArtTools/RenderToTexture/Enums/RenderToTexture_Flipbook_Enum.uasset" 2
"../../../Engine/Content/ArtTools/RenderToTexture/Enums/RenderToTexture_Imposter_Enum.uasset" 3
"../../../Engine/Content/EditorBlueprintResources/StandardMacros.uasset" 4
"../../../Engine/Content/ArtTools/RenderToTexture/Enums/EIntTypes.uasset" 5
"../../../Engine/Content/ArtTools/RenderToTexture/Macros/RenderToTextureFunctionLibrary.uasset" 6
"../../../Engine/Content/ArtTools/RenderToTexture/Enums/EFloatTypes.uasset" 7
"../../../Engine/Content/ArtTools/RenderToTexture/Macros/RenderToTextureMacros.uasset" 8
"../../../Engine/Content/Functions/Engine_MaterialFunctions01/Opacity/CameraDepthFade.uasset" 9
"../../../Engine/Content/EngineMaterials/T_Default_Material_Grid_M.uasset" 10
"../../../Engine/Content/EngineMaterials/T_Default_Material_Grid_N.uasset" 11
"../../../Engine/Content/EngineMaterials/WorldGridMaterial.uasset" 12
"../../../Engine/Content/ArtTools/RenderToTexture/Meshes/S_1_Unit_Plane.uasset" 13
"../../../Engine/Content/BasicShapes/BasicShapeMaterial.uasset" 14
"../../../Engine/Content/EngineMaterials/DefaultMaterial.uasset" 15
"../../../Engine/Content/BasicShapes/Cone.uasset" 16
"../../../Engine/Content/BasicShapes/Cube.uasset" 17
"../../../Engine/Content/BasicShapes/Cylinder.uasset" 18
"../../../Engine/Content/BasicShapes/Plane.uasset" 19
"../../../Engine/Content/BasicShapes/Sphere.uasset" 20
"../../../Engine/Content/EngineMaterials/DefaultPhysicalMaterial.uasset" 21
"../../../Engine/Content/BufferVisualization/AmbientOcclusion.uasset" 22
"../../../Engine/Content/BufferVisualization/BaseColor.uasset" 23
"../../../Engine/Content/BufferVisualization/CustomDepth.uasset" 24
"../../../Engine/Content/Functions/Engine_MaterialFunctions02/Utility/VectorLength.uasset" 25
"../../../Engine/Content/BufferVisualization/CustomDepthWorldUnits.uasset" 26
"../../../Engine/Content/Functions/Engine_MaterialFunctions02/Utility/BreakOutFloat2Components.uasset" 27
"../../../Engine/Content/Functions/Engine_MaterialFunctions01/Texturing/ScaleUVsByCenter.uasset" 28
"../../../Engine/Content/Functions/Engine_MaterialFunctions02/ScreenResolution.uasset" 29
"../../../Engine/Content/Functions/Engine_MaterialFunctions02/Texturing/ScreenAlignedUVs.uasset" 30
"../../../Engine/Content/Functions/Engine_MaterialFunctions02/Utility/MakeFloat2.uasset" 31
"../../../Engine/Content/Functions/Engine_MaterialFunctions02/Utility/MakeFloat3.uasset" 32
"../../../Engine/Content/EngineMaterials/MiniFont.uasset" 33
"../../../Engine/Content/BufferVisualization/CustomStencil.uasset" 34
"../../../Engine/Content/BufferVisualization/FinalImage.uasset" 35
"../../../Engine/Content/BufferVisualization/LightingModel.uasset" 36
"../../../Engine/Content/BufferVisualization/MaterialAO.uasset" 37
"../../../Engine/Content/BufferVisualization/Metallic.uasset" 38
"../../../Engine/Content/BufferVisualization/Opacity.uasset" 39
"../../../Engine/Content/BufferVisualization/PostTonemapHDRColor.uasset" 40
"../../../Engine/Content/BufferVisualization/PreTonemapHDRColor.uasset" 41
"../../../Engine/Content/BufferVisualization/Roughness.uasset" 42
"../../../Engine/Content/BufferVisualization/SceneColor.uasset" 43
"../../../Engine/Content/BufferVisualization/SceneDepth.uasset" 44
"../../../Engine/Content/BufferVisualization/SceneDepthWorldUnits.uasset" 45
"../../../Engine/Content/BufferVisualization/SeparateTranslucencyA.uasset" 46
"../../../Engine/Content/BufferVisualization/SeparateTranslucencyRGB.uasset" 47
"../../../Engine/Content/BufferVisualization/Specular.uasset" 48
"../../../Engine/Content/BufferVisualization/SubsurfaceColor.uasset" 49
"../../../Engine/Content/BufferVisualization/Velocity.uasset" 50
"../../../Engine/Content/BufferVisualization/WorldNormal.uasset" 51
"../../../Engine/Content/EditorBlueprintResources/ActorMacros.uasset" 52
"../../../Engine/Content/EditorLandscapeResources/DataLayer.uasset" 53
"../../../Engine/Content/EditorLandscapeResources/DefaultAlphaTexture.uasset" 54
"../../../Engine/Content/EditorLandscapeResources/LandscapeGizmoHeight_Mat.uasset" 55
"../../../Engine/Content/EditorLandscapeResources/LandscapeGizmo_Mat.uasset" 56
"../../../Engine/Content/EditorLandscapeResources/LandscapeGizmo_Mat_Copied.uasset" 57
"../../../Engine/Content/EditorLandscapeResources/SplineEditorMeshMat.uasset" 58
"../../../Engine/Content/EditorLandscapeResources/SplineEditorMesh.uasset" 59
"../../../Engine/Content/EditorMaterials/Cross.uasset" 60
"../../../Engine/Content/EditorMaterials/Cross_Mat.uasset" 61
"../../../Engine/Content/EditorMaterials/GizmoMaterial.uasset" 62
"../../../Engine/Content/Functions/Engine_MaterialFunctions02/ExampleContent/Textures/flipbook.uasset" 63
"../../../Engine/Content/Functions/Engine_MaterialFunctions02/Texturing/FlipBook.uasset" 64
"../../../Engine/Content/Functions/Engine_MaterialFunctions02/Utility/Sign.uasset" 65
"../../../Engine/Content/Functions/Engine_MaterialFunctions02/Utility/Round.uasset" 66
"../../../Engine/Content/EditorResources/T_EditorHelp.uasset" 67
"../../../Engine/Content/EditorMaterials/HelpActorMaterial.uasset" 68
"../../../Engine/Content/EditorMaterials/CompositeARGBLayer.uasset" 69
"../../../Engine/Content/EditorMaterials/TilingAALineIntegral.uasset" 70
"../../../Engine/Content/EditorMaterials/TilingAALineBoxFiltered.uasset" 71
"../../../Engine/Content/Functions/Engine_MaterialFunctions03/Procedurals/ComputeFilterWidth.uasset" 72
"../../../Engine/Content/EditorMaterials/TilingAADots.uasset" 73
"../../../Engine/Content/EngineMaterials/BlendFunc_DefBase.uasset" 74
"../../../Engine/Content/EngineMaterials/BlendFunc_DefBlend.uasset" 75
"../../../Engine/Content/Functions/Engine_MaterialFunctions03/Blends/Blend_Screen.uasset" 76
"../../../Engine/Content/EditorMaterials/TilingAAGrid.uasset" 77
"../../../Engine/Content/EditorMaterials/LevelGridMaterial.uasset" 78
"../../../Engine/Content/EditorMaterials/MakeCompositeARGBLayer.uasset" 79
"../../../Engine/Content/EditorResources/LevelGrid1DStripes.uasset" 80
"../../../Engine/Content/EditorMaterials/TextureGridCascaded1D.uasset" 81
"../../../Engine/Content/EditorMaterials/TextureGridCascaded2D.uasset" 82
"../../../Engine/Content/EditorMaterials/LevelGridMaterial2.uasset" 83
"../../../Engine/Content/EditorMaterials/MAT_Groups_Toggle.uasset" 84
"../../../Engine/Content/EditorMaterials/MAT_Groups_Visibility.uasset" 85
"../../../Engine/Content/EditorMaterials/AntialiasedGridFloor.uasset" 86
"../../../Engine/Content/EditorResources/TilePatine_D.uasset" 87
"../../../Engine/Content/EditorResources/TilePatine_N.uasset" 88
"../../../Engine/Content/EngineMaterials/Grid.uasset" 89
"../../../Engine/Content/EditorMaterials/PersonaFloorMat.uasset" 90
"../../../Engine/Content/EditorMaterials/PhAT_BoneSelectedMaterial.uasset" 91
"../../../Engine/Content/EditorMaterials/PhAT_ElemSelectedMaterial.uasset" 92
"../../../Engine/Content/EditorMaterials/PhAT_NoCollisionMaterial.uasset" 93
"../../../Engine/Content/EditorMaterials/PhAT_UnselectedMaterial.uasset" 94
"../../../Engine/Content/EditorMaterials/PreviewShadowIndicator.uasset" 95
"../../../Engine/Content/EditorMaterials/PreviewShadowIndicatorMaterial.uasset" 96
"../../../Engine/Content/EditorMaterials/TargetIcon.uasset" 97
"../../../Engine/Content/EditorMaterials/Tick.uasset" 98
"../../../Engine/Content/EditorMaterials/Tick_Mat.uasset" 99
"../../../Engine/Content/EditorMaterials/WidgetGridVertexColorMaterial.uasset" 100
"../../../Engine/Content/EditorMaterials/WidgetGridVertexColorMaterial_Ma.uasset" 101
"../../../Engine/Content/EditorMaterials/WidgetMaterial.uasset" 102
"../../../Engine/Content/EditorMaterials/WidgetMaterial_Current.uasset" 103
"../../../Engine/Content/EditorMaterials/WidgetMaterial_X.uasset" 104
"../../../Engine/Content/EditorMaterials/WidgetMaterial_Y.uasset" 105
"../../../Engine/Content/EditorMaterials/WidgetMaterial_Z.uasset" 106
"../../../Engine/Content/EditorMaterials/WidgetVertexColorMaterial.uasset" 107
"../../../Engine/Content/EditorMaterials/MatineeGroups/MAT_ColorTrack.uasset" 108
"../../../Engine/Content/EditorMaterials/MatineeGroups/MAT_Groups_Anim.uasset" 109
"../../../Engine/Content/EditorMaterials/MatineeGroups/MAT_Groups_AudioMaster.uasset" 110
"../../../Engine/Content/EditorMaterials/MatineeGroups/MAT_Groups_Director.uasset" 111
"../../../Engine/Content/EditorMaterials/MatineeGroups/MAT_Groups_Event.uasset" 112
"../../../Engine/Content/EditorMaterials/MatineeGroups/MAT_Groups_Fade.uasset" 113
"../../../Engine/Content/EditorMaterials/MatineeGroups/MAT_Groups_Float.uasset" 114
"../../../Engine/Content/EditorMaterials/MatineeGroups/MAT_Groups_Move.uasset" 115
"../../../Engine/Content/EditorMaterials/MatineeGroups/MAT_Groups_Slomo.uasset" 116
"../../../Engine/Content/EditorMaterials/MatineeGroups/MAT_Groups_Sound.uasset" 117
"../../../Engine/Content/EditorMaterials/MatineeGroups/MAT_Groups_Vector.uasset" 118
"../../../Engine/Content/EditorMaterials/ParticleSystems/PSysThumbnail_NoImage.uasset" 119
"../../../Engine/Content/EditorMaterials/ParticleSystems/PSysThumbnail_OOD.uasset" 120
"../../../Engine/Content/EditorMaterials/Thumbnails/FloorPlaneMaterial.uasset" 121
"../../../Engine/Content/EditorMeshes/EditorCube.uasset" 122
"../../../Engine/Content/EditorMeshes/EditorCylinder.uasset" 123
"../../../Engine/Content/EditorMeshes/EditorPlane.uasset" 124
"../../../Engine/Content/EditorMaterials/Thumbnails/SkySphereMaterial.uasset" 125
"../../../Engine/Content/EditorMeshes/EditorSkySphere.uasset" 126
"../../../Engine/Content/EditorMeshes/EditorSphere.uasset" 127
"../../../Engine/Content/EditorResources/MatineeCam_D.uasset" 128
"../../../Engine/Content/EditorMaterials/MatineeCam_mat.uasset" 129
"../../../Engine/Content/EditorMeshes/MatineeCam_SM.uasset" 130
"../../../Engine/Content/Functions/Engine_MaterialFunctions01/Shading/ConvertFromDiffSpec.uasset" 131
"../../../Engine/Content/EditorMaterials/GridMaterial.uasset" 132
"../../../Engine/Content/EditorMeshes/PhAT_FloorBox.uasset" 133
"../../../Engine/Content/EditorMeshes/PlanarReflectionPlane.uasset" 134
"../../../Engine/Content/EditorMaterials/Camera/CineMat.uasset" 135
"../../../Engine/Content/EditorMaterials/Camera/MI_CineMat_CameraBody.uasset" 136
"../../../Engine/Content/EngineDebugMaterials/M_SimpleOpaque.uasset" 137
"../../../Engine/Content/EditorMaterials/Camera/MI_CineMat_CamViewFinder.uasset" 138
"../../../Engine/Content/EditorMeshes/Camera/SM_CineCam.uasset" 139
"../../../Engine/Content/EditorMaterials/Camera/MI_CineMat_Rig.uasset" 140
"../../../Engine/Content/EditorMeshes/Camera/SM_CraneRig_Arm.uasset" 141
"../../../Engine/Content/EditorMeshes/Camera/SM_CraneRig_Base.uasset" 142
"../../../Engine/Content/EditorMeshes/Camera/SM_CraneRig_Body.uasset" 143
"../../../Engine/Content/EditorMeshes/Camera/SM_CraneRig_Mount.uasset" 144
"../../../Engine/Content/EditorMeshes/Camera/SM_RailRig_Mount.uasset" 145
"../../../Engine/Content/EditorMeshes/Camera/SM_RailRig_Track.uasset" 146
"../../../Engine/Content/EditorMeshes/ColorCalibrator/M_ChromeBall.uasset" 147
"../../../Engine/Content/EditorResources/Bad.uasset" 148
"../../../Engine/Content/EditorResources/BSPVertex.uasset" 149
"../../../Engine/Content/EditorResources/EmptyActor.uasset" 150
"../../../Engine/Content/EditorResources/MatInstActSprite.uasset" 151
"../../../Engine/Content/EditorResources/SceneManager.uasset" 152
"../../../Engine/Content/EditorResources/SmallFont.uasset" 153
"../../../Engine/Content/EditorResources/S_Actor.uasset" 154
"../../../Engine/Content/EditorResources/S_DecalActorIcon.uasset" 155
"../../../Engine/Content/EditorResources/S_Emitter.uasset" 156
"../../../Engine/Content/EditorResources/S_ExpoHeightFog.uasset" 157
"../../../Engine/Content/EditorResources/S_FTest.uasset" 158
"../../../Engine/Content/EditorResources/S_KBSJoint.uasset" 159
"../../../Engine/Content/EditorResources/S_KHinge.uasset" 160
"../../../Engine/Content/EditorResources/S_KPrismatic.uasset" 161
"../../../Engine/Content/EditorResources/S_LevelSequence.uasset" 162
"../../../Engine/Content/EditorResources/S_NavP.uasset" 163
"../../../Engine/Content/EditorResources/S_Note.uasset" 164
"../../../Engine/Content/EditorResources/S_Player.uasset" 165
"../../../Engine/Content/EditorResources/S_PortalActorIcon2.uasset" 166
"../../../Engine/Content/EditorResources/S_RadForce.uasset" 167
"../../../Engine/Content/EditorResources/S_ReflActorIcon.uasset" 168
"../../../Engine/Content/EditorResources/S_Terrain.uasset" 169
"../../../Engine/Content/EditorResources/S_TextRenderActorIcon.uasset" 170
"../../../Engine/Content/EditorResources/S_Thruster.uasset" 171
"../../../Engine/Content/EditorResources/S_Trigger.uasset" 172
"../../../Engine/Content/EditorResources/S_VectorFieldVol.uasset" 173
"../../../Engine/Content/EditorResources/S_WindDirectional.uasset" 174
"../../../Engine/Content/EditorResources/AI/S_NavLink.uasset" 175
"../../../Engine/Content/EditorResources/LightIcons/SkyLight.uasset" 176
"../../../Engine/Content/EditorResources/LightIcons/S_LightDirectional.uasset" 177
"../../../Engine/Content/EditorResources/LightIcons/S_LightDirectionalMove.uasset" 178
"../../../Engine/Content/EditorResources/LightIcons/S_LightError.uasset" 179
"../../../Engine/Content/EditorResources/LightIcons/S_LightPoint.uasset" 180
"../../../Engine/Content/EditorResources/LightIcons/S_LightPointMove.uasset" 181
"../../../Engine/Content/EditorResources/LightIcons/S_LightSpot.uasset" 182
"../../../Engine/Content/EditorResources/LightIcons/S_LightSpotMove.uasset" 183
"../../../Engine/Content/EditorResources/SequenceRecorder/Countdown.uasset" 184
"../../../Engine/Content/EditorResources/SequenceRecorder/RecordingIndicator.uasset" 185
"../../../Engine/Content/EditorResources/Spline/T_Loft_Spline.uasset" 186
"../../../Engine/Content/EditorSounds/Notifications/CompileFailed.uasset" 187
"../../../Engine/Content/EditorSounds/Notifications/CompileFailed_Cue.uasset" 188
"../../../Engine/Content/EditorSounds/Notifications/CompileSuccess.uasset" 189
"../../../Engine/Content/EditorSounds/Notifications/CompileStart_Cue.uasset" 190
"../../../Engine/Content/EditorSounds/Notifications/CompileSuccess_Cue.uasset" 191
"../../../Engine/Content/EngineDamageTypes/DmgTypeBP_Environmental.uasset" 192
"../../../Engine/Content/EngineDebugMaterials/HeatmapGradient.uasset" 193
"../../../Engine/Content/EngineDebugMaterials/BoneWeightMaterial.uasset" 194
"../../../Engine/Content/EngineDebugMaterials/ClothMaterial.uasset" 195
"../../../Engine/Content/EngineDebugMaterials/ClothMaterial_WF.uasset" 196
"../../../Engine/Content/EngineDebugMaterials/DebugEditorMaterial.uasset" 197
"../../../Engine/Content/EngineDebugMaterials/DebugMeshMaterial.uasset" 198
"../../../Engine/Content/EngineDebugMaterials/GeomMaterial.uasset" 199
"../../../Engine/Content/EngineDebugMaterials/LevelColorationLitMaterial.uasset" 200
"../../../Engine/Content/EngineDebugMaterials/LevelColorationUnlitMaterial.uasset" 201
"../../../Engine/Content/EngineMaterials/DefaultWhiteGrid.uasset" 202
"../../../Engine/Content/EngineDebugMaterials/MAT_LevelColorationLitLightmapUV.uasset" 203
"../../../Engine/Content/EngineDebugMaterials/M_SimpleTranslucent.uasset" 204
"../../../Engine/Content/EngineDebugMaterials/ShadedLevelColorationLitMaterial.uasset" 205
"../../../Engine/Content/EngineDebugMaterials/ShadedLevelColorationUnlitMateri.uasset" 206
"../../../Engine/Content/EngineDebugMaterials/VertexColorMaterial.uasset" 207
"../../../Engine/Content/EngineDebugMaterials/VertexColorViewMode_AlphaAsColor.uasset" 208
"../../../Engine/Content/EngineDebugMaterials/VertexColorViewMode_BlueOnly.uasset" 209
"../../../Engine/Content/EngineDebugMaterials/VertexColorViewMode_ColorOnly.uasset" 210
"../../../Engine/Content/EngineDebugMaterials/VertexColorViewMode_GreenOnly.uasset" 211
"../../../Engine/Content/EngineDebugMaterials/VertexColorViewMode_RedOnly.uasset" 212
"../../../Engine/Content/EngineDebugMaterials/WireframeMaterial.uasset" 213
"../../../Engine/Content/EngineFonts/Faces/RobotoBold.uasset" 214
"../../../Engine/Content/EngineFonts/Faces/RobotoBoldItalic.uasset" 215
"../../../Engine/Content/EngineFonts/Faces/RobotoItalic.uasset" 216
"../../../Engine/Content/EngineFonts/Faces/RobotoLight.uasset" 217
"../../../Engine/Content/EngineFonts/Faces/RobotoRegular.uasset" 218
"../../../Engine/Content/EngineFonts/Roboto.uasset" 219
"../../../Engine/Content/EngineFonts/Faces/RobotoTiny.uasset" 220
"../../../Engine/Content/EngineFonts/RobotoTiny.uasset" 221
"../../../Engine/Content/EngineFonts/SmallFont.uasset" 222
"../../../Engine/Content/EngineFonts/TinyFont.uasset" 223
"../../../Engine/Content/EngineMaterials/BaseFlattenDiffuseMap.uasset" 224
"../../../Engine/Content/EngineMaterials/BaseFlattenEmissiveMap.uasset" 225
"../../../Engine/Content/EngineMaterials/BaseFlattenGrayscaleMap.uasset" 226
"../../../Engine/Content/EngineMaterials/BaseFlattenNormalMap.uasset" 227
"../../../Engine/Content/EngineMaterials/BaseFlattenMaterial.uasset" 228
"../../../Engine/Content/EngineResources/WhiteSquareTexture.uasset" 229
"../../../Engine/Content/EngineMaterials/BlinkingCaret.uasset" 230
"../../../Engine/Content/EngineMaterials/DefaultBloomKernel.uasset" 231
"../../../Engine/Content/EngineMaterials/DefaultBokeh.uasset" 232
"../../../Engine/Content/EngineMaterials/DefaultDiffuse.uasset" 233
"../../../Engine/Content/EngineMaterials/DefaultDeferredDecalMaterial.uasset" 234
"../../../Engine/Content/EngineMaterials/DefaultLightFunctionMaterial.uasset" 235
"../../../Engine/Content/EngineMaterials/DefaultNormal.uasset" 236
"../../../Engine/Content/EngineMaterials/DefaultPostProcessMaterial.uasset" 237
"../../../Engine/Content/EngineFonts/RobotoDistanceField.uasset" 238
"../../../Engine/Content/EngineMaterials/DefaultTextMaterialOpaque.uasset" 239
"../../../Engine/Content/EngineMaterials/EditorBrushMaterial.uasset" 240
"../../../Engine/Content/EngineMaterials/Good64x64TilingNoiseHighFreq.uasset" 241
"../../../Engine/Content/EngineMaterials/Grid_N.uasset" 242
"../../../Engine/Content/EngineMaterials/HighResolutionScreenshotMaskFunction.uasset" 243
"../../../Engine/Content/EngineMaterials/HighResScreenshot.uasset" 244
"../../../Engine/Content/EngineMaterials/HighResScreenshotCaptureRegion.uasset" 245
"../../../Engine/Content/EngineMaterials/HighResScreenshotMask.uasset" 246
"../../../Engine/Content/EngineMaterials/LandscapeHolePhysicalMaterial.uasset" 247
"../../../Engine/Content/EngineMaterials/InvalidLightmapSettings.uasset" 248
"../../../Engine/Content/EngineMaterials/M_InvalidLightmapSettings.uasset" 249
"../../../Engine/Content/EngineMaterials/PaperDiffuse.uasset" 250
"../../../Engine/Content/EngineMaterials/PaperNormal.uasset" 251
"../../../Engine/Content/Functions/Engine_MaterialFunctions02/WorldPositionOffset/CameraOffset.uasset" 252
"../../../Engine/Content/EngineMaterials/PhAT_JointLimitMaterial.uasset" 253
"../../../Engine/Content/EngineMaterials/PhysMat_Rubber.uasset" 254
"../../../Engine/Content/EngineMaterials/PreintegratedSkinBRDF.uasset" 255
"../../../Engine/Content/EngineMaterials/RemoveSurfaceMaterial.uasset" 256
"../../../Engine/Content/EngineMaterials/WeightMapPlaceholderTexture.uasset" 257
"../../../Engine/Content/EngineMaterials/Widget3DPassThrough.uasset" 258
"../../../Engine/Content/EngineMaterials/Widget3DPassThrough_Masked.uasset" 259
"../../../Engine/Content/EngineMaterials/Widget3DPassThrough_Opaque.uasset" 260
"../../../Engine/Content/EngineMaterials/Widget3DPassThrough_Masked_OneSided.uasset" 261
"../../../Engine/Content/EngineMaterials/Widget3DPassThrough_Opaque_OneSided.uasset" 262
"../../../Engine/Content/EngineMaterials/Widget3DPassThrough_Translucent.uasset" 263
"../../../Engine/Content/EngineMaterials/Widget3DPassThrough_Translucent_OneSided.uasset" 264
"../../../Engine/Content/EngineMeshes/Cylinder.uasset" 265
"../../../Engine/Content/EngineMeshes/Sphere.uasset" 266
"../../../Engine/Content/EngineResources/DefaultTexture.uasset" 267
"../../../Engine/Content/EngineResources/DefaultTextureCube.uasset" 268
"../../../Engine/Content/EngineResources/DefaultVolumeTexture2D.uasset" 269
"../../../Engine/Content/EngineResources/DefaultVolumeTexture.uasset" 270
"../../../Engine/Content/EngineResources/GradientTexture0.uasset" 271
"../../../Engine/Content/EngineResources/StreamingPauseIcon.uasset" 272
"../../../Engine/Content/EngineResources/M_StreamingPause.uasset" 273
"../../../Engine/Content/EngineSky/C_Sky_Cloud_Color.uasset" 274
"../../../Engine/Content/EngineSky/C_Sky_Horizon_Color.uasset" 275
"../../../Engine/Content/EngineSky/C_Sky_Zenith_Color.uasset" 276
"../../../Engine/Content/EngineSky/T_Sky_Blue.uasset" 277
"../../../Engine/Content/EngineSky/T_Sky_Clouds_M.uasset" 278
"../../../Engine/Content/EngineSky/T_Sky_Stars.uasset" 279
"../../../Engine/Content/EngineSky/M_Sky_Panning_Clouds2.uasset" 280
"../../../Engine/Content/EngineSky/SM_SkySphere.uasset" 281
"../../../Engine/Content/EngineSky/BP_Sky_Sphere.uasset" 282
"../../../Engine/Content/EngineSounds/Master.uasset" 283
"../../../Engine/Content/Functions/Engine_MaterialFunctions01/Shading/PowerToRoughness.uasset" 284
"../../../Engine/Content/Maps/Templates/Thumbnails/Default.uasset" 285
"../../../Engine/Content/Maps/Templates/Thumbnails/VR-Basic.uasset" 286
"../../../Engine/Content/MapTemplates/Sky/DaylightAmbientCubemap.uasset" 287
"../../../Engine/Content/MobileResources/T_MobileControls_texture.uasset" 288
"../../../Engine/Content/MobileResources/T_MobileMenu2.uasset" 289
"../../../Engine/Content/MobileResources/HUD/AnalogHat.uasset" 290
"../../../Engine/Content/MobileResources/HUD/VirtualJoystick_Background.uasset" 291
"../../../Engine/Content/MobileResources/HUD/VirtualJoystick_Thumb.uasset" 292
"../../../Engine/Content/MobileResources/HUD/DefaultVirtualJoysticks.uasset" 293
"../../../Engine/Content/MobileResources/HUD/LeftVirtualJoystickOnly.uasset" 294
"../../../Engine/Content/MobileResources/HUD/MobileHUDButton1_off.uasset" 295
"../../../Engine/Content/MobileResources/HUD/MobileHUDButton1_on.uasset" 296
"../../../Engine/Content/MobileResources/HUD/MobileHUDButton2_off.uasset" 297
"../../../Engine/Content/MobileResources/HUD/MobileHUDButton2_on.uasset" 298
"../../../Engine/Content/MobileResources/HUD/MobileHUDButton3.uasset" 299
"../../../Engine/Content/MobileResources/HUD/MobileHUDButtonFire.uasset" 300
"../../../Engine/Content/MobileResources/HUD/MobileHUDDirectionPad.uasset" 301
"../../../Engine/Content/MobileResources/HUD/MobileHUDDirectionPad2.uasset" 302
"../../../Engine/Content/MobileResources/HUD/MobileHUDDirectionPad3.uasset" 303
"../../../Engine/Content/MobileResources/HUD/MobileHUDDirectionStick.uasset" 304
"../../../Engine/Content/MobileResources/HUD/T_Castle_ThumbstickInner.uasset" 305
"../../../Engine/Content/MobileResources/HUD/T_Castle_ThumbstickOutter.uasset" 306
"../../../Engine/Content/Tutorial/ContentIntroCurve.uasset" 307
"../../../Engine/Content/Tutorial/Basics/LevelEditorAttract.uasset" 308
"../../../Engine/Content/Tutorial/Basics/TutorialAssets/icon_tab_Levels_40x.uasset" 309
"../../../Engine/Content/Tutorial/Basics/LevelEditorOverview.uasset" 310
"../../../Engine/Content/Tutorial/BlueprintTutorials/TutorialAssets/Blueprint_64x.uasset" 311
"../../../Engine/Content/Tutorial/BlueprintTutorials/BlueprintEditorTutorial.uasset" 312
"../../../Engine/Content/Tutorial/BlueprintTutorials/TutorialAssets/Tutorial_BP_MacroLib.uasset" 313
"../../../Engine/Content/VREditor/LaserPointer/VR_LaserPower_01.uasset" 314
"../../../Engine/Content/VREditor/TransformGizmo/TransformGizmoMaterial.uasset" 315
"../../../Engine/Content/VREditor/TransformGizmo/TranslucentTransformGizmoMaterial.uasset" 316
"../../../Engine/Content/VREditor/TransformGizmo/BoundingBoxCorner.uasset" 317
"../../../Engine/Content/VREditor/TransformGizmo/BoundingBoxEdge.uasset" 318
"../../../Engine/Content/VREditor/TransformGizmo/PlaneTranslationHandle.uasset" 319
"../../../Engine/Content/VREditor/TransformGizmo/Main.uasset" 320
"../../../Engine/Content/VREditor/TransformGizmo/Xray.uasset" 321
"../../../Engine/Content/VREditor/TransformGizmo/SM_Sequencer_Key.uasset" 322
"../../../Engine/Content/VREditor/TransformGizmo/SM_Sequencer_Node.uasset" 323
"../../../Engine/Content/EngineMeshes/Humanoid.uasset" 324
"../../../../../UE4CPP4.22/ShootingGame/Content/AnimStarterPack/UE4_Mannequin/Mesh/UE4_Mannequin_Skeleton.uasset" 325
"../../../../../UE4CPP4.22/ShootingGame/Content/AnimStarterPack/idle.uasset" 326
"../../../../../UE4CPP4.22/ShootingGame/Content/BluePrint/AI/BP_SGAIAnim.uasset" 327
"../../../Engine/Content/Functions/Engine_MaterialFunctions02/Utility/BlendAngleCorrectedNormals.uasset" 328
"../../../Engine/Content/Functions/MaterialLayerFunctions/MatLayerBlend_AO.uasset" 329
"../../../Engine/Content/Functions/MaterialLayerFunctions/MatLayerBlend_NormalBlend.uasset" 330
"../../../Engine/Content/Functions/MaterialLayerFunctions/MatLayerBlend_Simple.uasset" 331
"../../../../../UE4CPP4.22/ShootingGame/Content/AnimStarterPack/UE4_Mannequin/Materials/MaterialLayers/T_ML_Rubber_Blue_01_D.uasset" 332
"../../../../../UE4CPP4.22/ShootingGame/Content/AnimStarterPack/UE4_Mannequin/Materials/MaterialLayers/T_ML_Rubber_Blue_01_N.uasset" 333
"../../../../../UE4CPP4.22/ShootingGame/Content/AnimStarterPack/UE4_Mannequin/Materials/MaterialLayers/ML_GlossyBlack_Latex_UE4.uasset" 334
"../../../../../UE4CPP4.22/ShootingGame/Content/AnimStarterPack/UE4_Mannequin/Materials/MaterialLayers/ML_Plastic_Shiny_Beige.uasset" 335
"../../../../../UE4CPP4.22/ShootingGame/Content/AnimStarterPack/UE4_Mannequin/Textures/UE4_LOGO_CARD.uasset" 336
"../../../../../UE4CPP4.22/ShootingGame/Content/AnimStarterPack/UE4_Mannequin/Materials/MaterialLayers/ML_Plastic_Shiny_Beige_LOGO.uasset" 337
"../../../../../UE4CPP4.22/ShootingGame/Content/AnimStarterPack/UE4_Mannequin/Materials/MaterialLayers/T_ML_Aluminum01.uasset" 338
"../../../../../UE4CPP4.22/ShootingGame/Content/AnimStarterPack/UE4_Mannequin/Materials/MaterialLayers/T_ML_Aluminum01_N.uasset" 339
"../../../../../UE4CPP4.22/ShootingGame/Content/AnimStarterPack/UE4_Mannequin/Materials/MaterialLayers/ML_SoftMetal_UE4.uasset" 340
"../../../../../UE4CPP4.22/ShootingGame/Content/AnimStarterPack/UE4_Mannequin/Textures/UE4_Mannequin__normals.uasset" 341
"../../../../../UE4CPP4.22/ShootingGame/Content/AnimStarterPack/UE4_Mannequin/Textures/UE4_Mannequin_MAT_MASKA.uasset" 342
"../../../../../UE4CPP4.22/ShootingGame/Content/AnimStarterPack/UE4_Mannequin/Textures/UE4_Mannequin_occlusion_Mobile.uasset" 343
"../../../../../UE4CPP4.22/ShootingGame/Content/AnimStarterPack/UE4_Mannequin/Materials/M_UE4Man_Body.uasset" 344
"../../../../../UE4CPP4.22/ShootingGame/Content/AnimStarterPack/UE4_Mannequin/Textures/UE4Man_Logo_N.uasset" 345
"../../../../../UE4CPP4.22/ShootingGame/Content/AnimStarterPack/UE4_Mannequin/Materials/M_UE4Man_ChestLogo.uasset" 346
"../../../../../UE4CPP4.22/ShootingGame/Content/AnimStarterPack/UE4_Mannequin/Mesh/SK_Mannequin_PhysicsAsset.uasset" 347
"../../../../../UE4CPP4.22/ShootingGame/Content/AnimStarterPack/UE4_Mannequin/Mesh/SK_Mannequin.uasset" 348
"../../../../../UE4CPP4.22/ShootingGame/Content/BluePrint/AI/BP_SGAICharacter.uasset" 349
"../../../../../UE4CPP4.22/ShootingGame/Content/BluePrint/Game/BP_SGFloatingDamageTextPool.uasset" 350
"../../../../../UE4CPP4.22/ShootingGame/Content/GameData/Data/ImageDataTable.uasset" 351
"../../../../../UE4CPP4.22/ShootingGame/Content/GameData/Data/ParticleDataTable.uasset" 352
"../../../../../UE4CPP4.22/ShootingGame/Content/GameData/Resource/1_Bunker.uasset" 353
"../../../../../UE4CPP4.22/ShootingGame/Content/GameData/Resource/2_Cave.uasset" 354
"../../../../../UE4CPP4.22/ShootingGame/Content/GameData/Resource/3_City.uasset" 355
"../../../../../UE4CPP4.22/ShootingGame/Content/GameData/Resource/4_Iceland.uasset" 356
"../../../../../UE4CPP4.22/ShootingGame/Content/GameData/Data/StageDataTable.uasset" 357
"../../../../../UE4CPP4.22/ShootingGame/Content/SciFiWeapDark/FX/Textures/T_Plasma_Detail_01.uasset" 358
"../../../../../UE4CPP4.22/ShootingGame/Content/SciFiWeapDark/FX/Materials/M_Tracer_A.uasset" 359
"../../../../../UE4CPP4.22/ShootingGame/Content/SciFiWeapDark/FX/Textures/T_FrameClamp.uasset" 360
"../../../../../UE4CPP4.22/ShootingGame/Content/SciFiWeapDark/FX/Textures/T_NoiseMask_01.uasset" 361
"../../../../../UE4CPP4.22/ShootingGame/Content/SciFiWeapDark/FX/Textures/T_Plasma_A_01.uasset" 362
"../../../../../UE4CPP4.22/ShootingGame/Content/SciFiWeapDark/FX/Textures/T_Plasma_B_01.uasset" 363
"../../../../../UE4CPP4.22/ShootingGame/Content/SciFiWeapDark/FX/Textures/T_PlasmaMask_01.uasset" 364
"../../../../../UE4CPP4.22/ShootingGame/Content/SciFiWeapDark/FX/Materials/M_Plasma_01.uasset" 365
"../../../../../UE4CPP4.22/ShootingGame/Content/SciFiWeapDark/FX/Materials/M_Plasma_Inst_F_Dark.uasset" 366
"../../../../../UE4CPP4.22/ShootingGame/Content/SciFiWeapDark/FX/Meshes/St_Tracer_A.uasset" 367
"../../../../../UE4CPP4.22/ShootingGame/Content/SciFiWeapDark/FX/Particles/P_Pistol_Tracer_Dark.uasset" 368
"../../../../../UE4CPP4.22/ShootingGame/Content/SciFiWeapDark/Weapons/Textures/T_Darkness_AssaultRifle_D.uasset" 369
"../../../../../UE4CPP4.22/ShootingGame/Content/SciFiWeapDark/Weapons/Textures/T_Darkness_AssaultRifle_Masks.uasset" 370
"../../../../../UE4CPP4.22/ShootingGame/Content/SciFiWeapDark/Weapons/Textures/T_Darkness_AssaultRifle_N.uasset" 371
"../../../../../UE4CPP4.22/ShootingGame/Content/SciFiWeapDark/Weapons/Textures/T_Darkness_AssaultRifleColor_M.uasset" 372
"../../../../../UE4CPP4.22/ShootingGame/Content/SciFiWeapDark/Weapons/Materials/M_WeaponMaster_Em.uasset" 373
"../../../../../UE4CPP4.22/ShootingGame/Content/SciFiWeapDark/Weapons/Textures/T_Darkness_pistol_Color_M.uasset" 374
"../../../../../UE4CPP4.22/ShootingGame/Content/SciFiWeapDark/Weapons/Textures/T_Darkness_Pistol_D.uasset" 375
"../../../../../UE4CPP4.22/ShootingGame/Content/SciFiWeapDark/Weapons/Textures/T_Darkness_pistol_Masks.uasset" 376
"../../../../../UE4CPP4.22/ShootingGame/Content/SciFiWeapDark/Weapons/Textures/T_Darkness_Pistol_N.uasset" 377
"../../../../../UE4CPP4.22/ShootingGame/Content/SciFiWeapDark/Weapons/Materials/M_Pistol_Inst.uasset" 378
"../../../../../UE4CPP4.22/ShootingGame/Content/SciFiWeapDark/Weapons/Darkness_Pistol_Ammo.uasset" 379
"../../../../../UE4CPP4.22/ShootingGame/Content/BluePrint/Projectile/BP_SGDarkness_Pistol_Ammo.uasset" 380
"../../../../../UE4CPP4.22/ShootingGame/Content/SciFiWeapDark/FX/Textures/T_SmokeRibbon_01.uasset" 381
"../../../../../UE4CPP4.22/ShootingGame/Content/SciFiWeapDark/FX/Materials/M_SmokeRibbon_01.uasset" 382
"../../../../../UE4CPP4.22/ShootingGame/Content/SciFiWeapDark/FX/Meshes/St_Tracer_B.uasset" 383
"../../../../../UE4CPP4.22/ShootingGame/Content/SciFiWeapDark/FX/Particles/P_AssaultRifle_Tracer_Dark.uasset" 384
"../../../../../UE4CPP4.22/ShootingGame/Content/SciFiWeapDark/Weapons/Materials/M_AssaultRifle_Inst.uasset" 385
"../../../../../UE4CPP4.22/ShootingGame/Content/SciFiWeapDark/Weapons/Darkness_Rifle_Ammo.uasset" 386
"../../../../../UE4CPP4.22/ShootingGame/Content/BluePrint/Projectile/BP_SGDarkness_Rifle_Ammo.uasset" 387
"../../../../../UE4CPP4.22/ShootingGame/Content/PrototypeWeap/FX/Materials/M_Tracer_01.uasset" 388
"../../../../../UE4CPP4.22/ShootingGame/Content/PrototypeWeap/FX/Meshes/St_Tracer_A.uasset" 389
"../../../../../UE4CPP4.22/ShootingGame/Content/PrototypeWeap/FX/P_Pistol_Tracer.uasset" 390
"../../../Engine/Content/EngineResources/Black.uasset" 391
"../../../../../UE4CPP4.22/ShootingGame/Content/PrototypeWeap/Textures/T_Prototype_GrenadeLauncher_D.uasset" 392
"../../../../../UE4CPP4.22/ShootingGame/Content/PrototypeWeap/Textures/T_Prototype_GrenadeLauncher_M.uasset" 393
"../../../../../UE4CPP4.22/ShootingGame/Content/PrototypeWeap/Textures/T_Prototype_GrenadeLauncher_N.uasset" 394
"../../../../../UE4CPP4.22/ShootingGame/Content/PrototypeWeap/Materials/M_Master.uasset" 395
"../../../../../UE4CPP4.22/ShootingGame/Content/PrototypeWeap/Textures/T_Prototype_Pistol_D.uasset" 396
"../../../../../UE4CPP4.22/ShootingGame/Content/PrototypeWeap/Textures/T_Prototype_Pistol_M.uasset" 397
"../../../../../UE4CPP4.22/ShootingGame/Content/PrototypeWeap/Textures/T_Prototype_Pistol_N.uasset" 398
"../../../../../UE4CPP4.22/ShootingGame/Content/PrototypeWeap/Materials/M_PistolVer1_Inst.uasset" 399
"../../../../../UE4CPP4.22/ShootingGame/Content/PrototypeWeap/Prototype_Pistol_Ammo.uasset" 400
"../../../../../UE4CPP4.22/ShootingGame/Content/BluePrint/Projectile/BP_SGPrototype_Pistol_Ammo.uasset" 401
"../../../../../UE4CPP4.22/ShootingGame/Content/PrototypeWeap/FX/P_AssaultRifle_Tracer.uasset" 402
"../../../../../UE4CPP4.22/ShootingGame/Content/PrototypeWeap/Textures/T_Prototype_AssaultRifle_D.uasset" 403
"../../../../../UE4CPP4.22/ShootingGame/Content/PrototypeWeap/Textures/T_Prototype_AssaultRifle_M.uasset" 404
"../../../../../UE4CPP4.22/ShootingGame/Content/PrototypeWeap/Textures/T_Prototype_AssaultRifle_N.uasset" 405
"../../../../../UE4CPP4.22/ShootingGame/Content/PrototypeWeap/Materials/M_AssualtRifleVer1_Inst.uasset" 406
"../../../../../UE4CPP4.22/ShootingGame/Content/PrototypeWeap/Prototype_AssaultRifle_Ammo.uasset" 407
"../../../../../UE4CPP4.22/ShootingGame/Content/BluePrint/Projectile/BP_SGPrototype_Rifle_Ammo.uasset" 408
"../../../../../UE4CPP4.22/ShootingGame/Content/SciFiWeapLight/FX/Textures/T_Plasma_Detail_01.uasset" 409
"../../../../../UE4CPP4.22/ShootingGame/Content/SciFiWeapLight/FX/Materials/M_Tracer_A.uasset" 410
"../../../../../UE4CPP4.22/ShootingGame/Content/SciFiWeapLight/FX/Textures/T_FrameClamp.uasset" 411
"../../../../../UE4CPP4.22/ShootingGame/Content/SciFiWeapLight/FX/Textures/T_NoiseMask_01.uasset" 412
"../../../../../UE4CPP4.22/ShootingGame/Content/SciFiWeapLight/FX/Textures/T_Plasma_A_01.uasset" 413
"../../../../../UE4CPP4.22/ShootingGame/Content/SciFiWeapLight/FX/Textures/T_Plasma_B_01.uasset" 414
"../../../../../UE4CPP4.22/ShootingGame/Content/SciFiWeapLight/FX/Textures/T_PlasmaMask_01.uasset" 415
"../../../../../UE4CPP4.22/ShootingGame/Content/SciFiWeapLight/FX/Materials/M_Plasma_01.uasset" 416
"../../../../../UE4CPP4.22/ShootingGame/Content/SciFiWeapLight/FX/Materials/M_Plasma_Inst_F_Light.uasset" 417
"../../../../../UE4CPP4.22/ShootingGame/Content/SciFiWeapLight/FX/Meshes/St_Tracer_A.uasset" 418
"../../../../../UE4CPP4.22/ShootingGame/Content/SciFiWeapLight/FX/Particles/P_Pistol_Tracer_Light.uasset" 419
"../../../../../UE4CPP4.22/ShootingGame/Content/SciFiWeapLight/Weapons/Textures/T_White_AssaultRifle_D.uasset" 420
"../../../../../UE4CPP4.22/ShootingGame/Content/SciFiWeapLight/Weapons/Textures/T_White_AssaultRifle_Masks2.uasset" 421
"../../../../../UE4CPP4.22/ShootingGame/Content/SciFiWeapLight/Weapons/Textures/T_White_AssaultRifle_N.uasset" 422
"../../../../../UE4CPP4.22/ShootingGame/Content/SciFiWeapLight/Weapons/Textures/T_White_AssaultRifleColor_M.uasset" 423
"../../../../../UE4CPP4.22/ShootingGame/Content/SciFiWeapLight/Weapons/Materials/M_WeaponMaster.uasset" 424
"../../../../../UE4CPP4.22/ShootingGame/Content/SciFiWeapLight/Weapons/Textures/T_White_Pistol_D.uasset" 425
"../../../../../UE4CPP4.22/ShootingGame/Content/SciFiWeapLight/Weapons/Textures/T_White_Pistol_Masks.uasset" 426
"../../../../../UE4CPP4.22/ShootingGame/Content/SciFiWeapLight/Weapons/Textures/T_White_Pistol_N.uasset" 427
"../../../../../UE4CPP4.22/ShootingGame/Content/SciFiWeapLight/Weapons/Materials/M_Pistol_Inst.uasset" 428
"../../../../../UE4CPP4.22/ShootingGame/Content/SciFiWeapLight/Weapons/White_Pistol_Ammo.uasset" 429
"../../../../../UE4CPP4.22/ShootingGame/Content/BluePrint/Projectile/BP_SGWhite_Pistol_Ammo.uasset" 430
"../../../../../UE4CPP4.22/ShootingGame/Content/SciFiWeapLight/FX/Textures/T_SmokeRibbon_01.uasset" 431
"../../../../../UE4CPP4.22/ShootingGame/Content/SciFiWeapLight/FX/Materials/M_SmokeRibbon_01.uasset" 432
"../../../../../UE4CPP4.22/ShootingGame/Content/SciFiWeapLight/FX/Meshes/St_Tracer_B.uasset" 433
"../../../../../UE4CPP4.22/ShootingGame/Content/SciFiWeapLight/FX/Particles/P_AssaultRifle_Tracer_Light.uasset" 434
"../../../../../UE4CPP4.22/ShootingGame/Content/SciFiWeapLight/Weapons/Textures/T_White_AssaultRifle_Masks.uasset" 435
"../../../../../UE4CPP4.22/ShootingGame/Content/SciFiWeapLight/Weapons/Materials/M_AssaultRifle_Inst.uasset" 436
"../../../../../UE4CPP4.22/ShootingGame/Content/SciFiWeapLight/Weapons/White_Rifle_Ammo.uasset" 437
"../../../../../UE4CPP4.22/ShootingGame/Content/BluePrint/Projectile/BP_SGWhite_Rifle_Ammo.uasset" 438
"../../../../../UE4CPP4.22/ShootingGame/Content/SciFiWeapDark/FX/Textures/T_Pistol_MuzzleFlashes_4x1_A.uasset" 439
"../../../../../UE4CPP4.22/ShootingGame/Content/SciFiWeapDark/FX/Materials/M_Pistol_MuzzleFlash_4x1_A.uasset" 440
"../../../../../UE4CPP4.22/ShootingGame/Content/SciFiWeapDark/FX/Textures/T_Pistol_Streaks_01.uasset" 441
"../../../../../UE4CPP4.22/ShootingGame/Content/SciFiWeapDark/FX/Materials/M_Pistol_Streaks_01.uasset" 442
"../../../../../UE4CPP4.22/ShootingGame/Content/SciFiWeapDark/FX/Textures/T_GlowSphere_01.uasset" 443
"../../../../../UE4CPP4.22/ShootingGame/Content/SciFiWeapDark/FX/Materials/M_Pop_01.uasset" 444
"../../../../../UE4CPP4.22/ShootingGame/Content/SciFiWeapDark/FX/Materials/M_Plasma_Inst_A_Dark.uasset" 445
"../../../../../UE4CPP4.22/ShootingGame/Content/SciFiWeapDark/FX/Textures/T_Sparks_02.uasset" 446
"../../../../../UE4CPP4.22/ShootingGame/Content/SciFiWeapDark/FX/Materials/M_Sparks_02.uasset" 447
"../../../../../UE4CPP4.22/ShootingGame/Content/SciFiWeapDark/FX/Vector_Fields/FGA_Turbulent_01.uasset" 448
"../../../../../UE4CPP4.22/ShootingGame/Content/SciFiWeapDark/FX/Particles/P_Pistol_MuzzleFlash_Dark.uasset" 449
"../../../../../UE4CPP4.22/ShootingGame/Content/SciFiWeapDark/Sound/Attenuation/WeaponHandling_att.uasset" 450
"../../../../../UE4CPP4.22/ShootingGame/Content/SciFiWeapDark/Sound/Pistol/Wavs/Pistol_ReloadMagEject01.uasset" 451
"../../../../../UE4CPP4.22/ShootingGame/Content/SciFiWeapDark/Sound/Pistol/Wavs/Pistol_ReloadMagEject02.uasset" 452
"../../../../../UE4CPP4.22/ShootingGame/Content/SciFiWeapDark/Sound/Pistol/Wavs/Pistol_ReloadMagEject03.uasset" 453
"../../../../../UE4CPP4.22/ShootingGame/Content/SciFiWeapDark/Sound/Pistol/Pistol_ReloadEject_Cue.uasset" 454
"../../../../../UE4CPP4.22/ShootingGame/Content/SciFiWeapDark/Sound/Attenuation/WeaponShot_att.uasset" 455
"../../../../../UE4CPP4.22/ShootingGame/Content/SciFiWeapDark/Sound/Pistol/Wavs/PistolA_Fire01.uasset" 456
"../../../../../UE4CPP4.22/ShootingGame/Content/SciFiWeapDark/Sound/Pistol/Wavs/PistolA_Fire02.uasset" 457
"../../../../../UE4CPP4.22/ShootingGame/Content/SciFiWeapDark/Sound/Pistol/Wavs/PistolA_Fire03.uasset" 458
"../../../../../UE4CPP4.22/ShootingGame/Content/SciFiWeapDark/Sound/Pistol/Wavs/PistolA_Fire04.uasset" 459
"../../../../../UE4CPP4.22/ShootingGame/Content/SciFiWeapDark/Sound/Pistol/Wavs/PistolA_Fire05.uasset" 460
"../../../../../UE4CPP4.22/ShootingGame/Content/SciFiWeapDark/Sound/Pistol/Wavs/PistolA_Fire06.uasset" 461
"../../../../../UE4CPP4.22/ShootingGame/Content/SciFiWeapDark/Sound/Pistol/Wavs/PistolA_Fire_Dist01.uasset" 462
"../../../../../UE4CPP4.22/ShootingGame/Content/SciFiWeapDark/Sound/Pistol/Wavs/PistolA_Fire_Dist02.uasset" 463
"../../../../../UE4CPP4.22/ShootingGame/Content/SciFiWeapDark/Sound/Pistol/Wavs/PistolA_Fire_Dist03.uasset" 464
"../../../../../UE4CPP4.22/ShootingGame/Content/SciFiWeapDark/Sound/Pistol/Wavs/PistolA_Fire_Dist04.uasset" 465
"../../../../../UE4CPP4.22/ShootingGame/Content/SciFiWeapDark/Sound/Pistol/Wavs/PistolA_Fire_Dist05.uasset" 466
"../../../../../UE4CPP4.22/ShootingGame/Content/SciFiWeapDark/Sound/Pistol/Wavs/PistolA_Fire_Dist06.uasset" 467
"../../../../../UE4CPP4.22/ShootingGame/Content/SciFiWeapDark/Sound/Pistol/PistolA_Fire_Cue.uasset" 468
"../../../../../UE4CPP4.22/ShootingGame/Content/SciFiWeapDark/Weapons/Darkness_Pistol_PhysicsAsset.uasset" 469
"../../../../../UE4CPP4.22/ShootingGame/Content/SciFiWeapDark/Weapons/Darkness_Pistol_Skeleton.uasset" 470
"../../../../../UE4CPP4.22/ShootingGame/Content/SciFiWeapDark/Weapons/Darkness_Pistol.uasset" 471
"../../../../../UE4CPP4.22/ShootingGame/Content/SciFiWeapLight/Sound/Attenuation/WeaponHandling_att.uasset" 472
"../../../../../UE4CPP4.22/ShootingGame/Content/SciFiWeapLight/Sound/Pistol/Wavs/Pistol_AmmoPickup01.uasset" 473
"../../../../../UE4CPP4.22/ShootingGame/Content/SciFiWeapLight/Sound/Pistol/Wavs/Pistol_AmmoPickup02.uasset" 474
"../../../../../UE4CPP4.22/ShootingGame/Content/SciFiWeapLight/Sound/Pistol/Pistol_AmmoPickup_Cue.uasset" 475
"../../../../../UE4CPP4.22/ShootingGame/Content/BluePrint/Weapon/BP_SGDarkness_Pistol.uasset" 476
"../../../../../UE4CPP4.22/ShootingGame/Content/SciFiWeapDark/FX/Textures/T_AssaultRifle_MuzzleFlashes_01.uasset" 477
"../../../../../UE4CPP4.22/ShootingGame/Content/SciFiWeapDark/FX/Materials/M_AssaultRifle_MuzzleFlash_4x1.uasset" 478
"../../../../../UE4CPP4.22/ShootingGame/Content/SciFiWeapDark/FX/Materials/M_AssualtRifle_Core_01.uasset" 479
"../../../../../UE4CPP4.22/ShootingGame/Content/SciFiWeapDark/FX/Textures/T_DistortionCrystals_01.uasset" 480
"../../../../../UE4CPP4.22/ShootingGame/Content/SciFiWeapDark/FX/Textures/T_DistortionCrystals_Mask_01.uasset" 481
"../../../../../UE4CPP4.22/ShootingGame/Content/SciFiWeapDark/FX/Materials/M_CrystalRefraction_01.uasset" 482
"../../../../../UE4CPP4.22/ShootingGame/Content/SciFiWeapDark/FX/Materials/M_Plasma_Inst_B_Dark.uasset" 483
"../../../../../UE4CPP4.22/ShootingGame/Content/SciFiWeapDark/FX/Materials/M_Plasma_Inst_D_Dark.uasset" 484
"../../../../../UE4CPP4.22/ShootingGame/Content/SciFiWeapDark/FX/Meshes/St_AssualtRifle_Core_01.uasset" 485
"../../../../../UE4CPP4.22/ShootingGame/Content/SciFiWeapDark/FX/Particles/P_AssaultRifle_MuzzleFlash_Dark.uasset" 486
"../../../../../UE4CPP4.22/ShootingGame/Content/SciFiWeapDark/Sound/Rifle/Wavs/Rifle_Reload01.uasset" 487
"../../../../../UE4CPP4.22/ShootingGame/Content/SciFiWeapDark/Sound/Rifle/Wavs/Rifle_Reload02.uasset" 488
"../../../../../UE4CPP4.22/ShootingGame/Content/SciFiWeapDark/Sound/Rifle/Wavs/Rifle_Reload03.uasset" 489
"../../../../../UE4CPP4.22/ShootingGame/Content/SciFiWeapDark/Sound/Rifle/Rifle_Reload_Cue.uasset" 490
"../../../../../UE4CPP4.22/ShootingGame/Content/SciFiWeapDark/Sound/Rifle/Wavs/RifleA_Fire01.uasset" 491
"../../../../../UE4CPP4.22/ShootingGame/Content/SciFiWeapDark/Sound/Rifle/Wavs/RifleA_Fire02.uasset" 492
"../../../../../UE4CPP4.22/ShootingGame/Content/SciFiWeapDark/Sound/Rifle/Wavs/RifleA_Fire03.uasset" 493
"../../../../../UE4CPP4.22/ShootingGame/Content/SciFiWeapDark/Sound/Rifle/Wavs/RifleA_Fire04.uasset" 494
"../../../../../UE4CPP4.22/ShootingGame/Content/SciFiWeapDark/Sound/Rifle/Wavs/RifleA_Fire05.uasset" 495
"../../../../../UE4CPP4.22/ShootingGame/Content/SciFiWeapDark/Sound/Rifle/Wavs/RifleA_Fire06.uasset" 496
"../../../../../UE4CPP4.22/ShootingGame/Content/SciFiWeapDark/Sound/Rifle/Wavs/RifleA_Fire_Dist01.uasset" 497
"../../../../../UE4CPP4.22/ShootingGame/Content/SciFiWeapDark/Sound/Rifle/Wavs/RifleA_Fire_Dist02.uasset" 498
"../../../../../UE4CPP4.22/ShootingGame/Content/SciFiWeapDark/Sound/Rifle/Wavs/RifleA_Fire_Dist03.uasset" 499
"../../../../../UE4CPP4.22/ShootingGame/Content/SciFiWeapDark/Sound/Rifle/Wavs/RifleA_Fire_Dist04.uasset" 500
"../../../../../UE4CPP4.22/ShootingGame/Content/SciFiWeapDark/Sound/Rifle/Wavs/RifleA_Fire_Dist05.uasset" 501
"../../../../../UE4CPP4.22/ShootingGame/Content/SciFiWeapDark/Sound/Rifle/Wavs/RifleA_Fire_Dist06.uasset" 502
"../../../../../UE4CPP4.22/ShootingGame/Content/SciFiWeapDark/Sound/Rifle/RifleA_Fire_Cue.uasset" 503
"../../../../../UE4CPP4.22/ShootingGame/Content/SciFiWeapDark/Weapons/Darkness_Rifle_PhysicsAsset.uasset" 504
"../../../../../UE4CPP4.22/ShootingGame/Content/SciFiWeapDark/Weapons/Darkness_Rifle_Skeleton.uasset" 505
"../../../../../UE4CPP4.22/ShootingGame/Content/SciFiWeapDark/Weapons/Darkness_Rifle.uasset" 506
"../../../../../UE4CPP4.22/ShootingGame/Content/SciFiWeapLight/Sound/Rifle/Wavs/Rifle_AmmoPickup.uasset" 507
"../../../../../UE4CPP4.22/ShootingGame/Content/SciFiWeapLight/Sound/Rifle/Rifle_AmmoPickup_Cue.uasset" 508
"../../../../../UE4CPP4.22/ShootingGame/Content/BluePrint/Weapon/BP_SGDarkness_Rifle.uasset" 509
"../../../../../UE4CPP4.22/ShootingGame/Content/PrototypeWeap/FX/Textures/T_LightStreak_01.uasset" 510
"../../../../../UE4CPP4.22/ShootingGame/Content/PrototypeWeap/FX/Materials/M_LightStreak_01.uasset" 511
"../../../../../UE4CPP4.22/ShootingGame/Content/PrototypeWeap/FX/Textures/T_GlowSphere_01.uasset" 512
"../../../../../UE4CPP4.22/ShootingGame/Content/PrototypeWeap/FX/Materials/M_Pop_01.uasset" 513
"../../../../../UE4CPP4.22/ShootingGame/Content/PrototypeWeap/FX/Textures/T_SparkImpacts_2x2_01.uasset" 514
"../../../../../UE4CPP4.22/ShootingGame/Content/PrototypeWeap/FX/Materials/M_SparksImpact_2x2_01.uasset" 515
"../../../../../UE4CPP4.22/ShootingGame/Content/PrototypeWeap/FX/P_Pistol_MuzzleFlash.uasset" 516
"../../../../../UE4CPP4.22/ShootingGame/Content/PrototypeWeap/Prototype_Pistol_PhysicsAsset.uasset" 517
"../../../../../UE4CPP4.22/ShootingGame/Content/PrototypeWeap/Prototype_Pistol_Skeleton.uasset" 518
"../../../../../UE4CPP4.22/ShootingGame/Content/PrototypeWeap/Prototype_Pistol.uasset" 519
"../../../../../UE4CPP4.22/ShootingGame/Content/PrototypeWeap/Sound/Attenuation/WeaponHandling_att.uasset" 520
"../../../../../UE4CPP4.22/ShootingGame/Content/PrototypeWeap/Sound/Pistol/Pistol_Reload01.uasset" 521
"../../../../../UE4CPP4.22/ShootingGame/Content/PrototypeWeap/Sound/Pistol/Pistol_Reload02.uasset" 522
"../../../../../UE4CPP4.22/ShootingGame/Content/PrototypeWeap/Sound/Pistol/Pistol_Reload03.uasset" 523
"../../../../../UE4CPP4.22/ShootingGame/Content/PrototypeWeap/Sound/Pistol/Pistol_Reload_Cue.uasset" 524
"../../../../../UE4CPP4.22/ShootingGame/Content/PrototypeWeap/Sound/Attenuation/WeaponShot_att.uasset" 525
"../../../../../UE4CPP4.22/ShootingGame/Content/PrototypeWeap/Sound/Pistol/PistolA_Fire01.uasset" 526
"../../../../../UE4CPP4.22/ShootingGame/Content/PrototypeWeap/Sound/Pistol/PistolA_Fire02.uasset" 527
"../../../../../UE4CPP4.22/ShootingGame/Content/PrototypeWeap/Sound/Pistol/PistolA_Fire03.uasset" 528
"../../../../../UE4CPP4.22/ShootingGame/Content/PrototypeWeap/Sound/Pistol/PistolA_Fire04.uasset" 529
"../../../../../UE4CPP4.22/ShootingGame/Content/PrototypeWeap/Sound/Pistol/PistolA_Fire05.uasset" 530
"../../../../../UE4CPP4.22/ShootingGame/Content/PrototypeWeap/Sound/Pistol/PistolA_Fire_ST01.uasset" 531
"../../../../../UE4CPP4.22/ShootingGame/Content/PrototypeWeap/Sound/Pistol/PistolA_Fire_ST02.uasset" 532
"../../../../../UE4CPP4.22/ShootingGame/Content/PrototypeWeap/Sound/Pistol/PistolA_Fire_ST03.uasset" 533
"../../../../../UE4CPP4.22/ShootingGame/Content/PrototypeWeap/Sound/Pistol/PistolA_Fire_ST04.uasset" 534
"../../../../../UE4CPP4.22/ShootingGame/Content/PrototypeWeap/Sound/Pistol/PistolA_Fire_ST05.uasset" 535
"../../../../../UE4CPP4.22/ShootingGame/Content/PrototypeWeap/Sound/Pistol/PistolA_Fire_Cue.uasset" 536
"../../../../../UE4CPP4.22/ShootingGame/Content/BluePrint/Weapon/BP_SGPrototype_Pistol.uasset" 537
"../../../../../UE4CPP4.22/ShootingGame/Content/PrototypeWeap/FX/Textures/T_SmokeSimple_01.uasset" 538
"../../../../../UE4CPP4.22/ShootingGame/Content/PrototypeWeap/FX/Materials/M_SmokeSimple_01.uasset" 539
"../../../../../UE4CPP4.22/ShootingGame/Content/PrototypeWeap/FX/P_AssaultRifle_MuzzleFlash.uasset" 540
"../../../../../UE4CPP4.22/ShootingGame/Content/PrototypeWeap/Prototype_AssaultRifle_PhysicsAsset.uasset" 541
"../../../../../UE4CPP4.22/ShootingGame/Content/PrototypeWeap/Prototype_AssaultRifle_Skeleton.uasset" 542
"../../../../../UE4CPP4.22/ShootingGame/Content/PrototypeWeap/Prototype_AssaultRifle.uasset" 543
"../../../../../UE4CPP4.22/ShootingGame/Content/PrototypeWeap/Sound/Rifle/RifleA_Fire01.uasset" 544
"../../../../../UE4CPP4.22/ShootingGame/Content/PrototypeWeap/Sound/Rifle/RifleA_Fire02.uasset" 545
"../../../../../UE4CPP4.22/ShootingGame/Content/PrototypeWeap/Sound/Rifle/RifleA_Fire03.uasset" 546
"../../../../../UE4CPP4.22/ShootingGame/Content/PrototypeWeap/Sound/Rifle/RifleA_Fire04.uasset" 547
"../../../../../UE4CPP4.22/ShootingGame/Content/PrototypeWeap/Sound/Rifle/RifleA_Fire05.uasset" 548
"../../../../../UE4CPP4.22/ShootingGame/Content/PrototypeWeap/Sound/Rifle/RifleA_Fire_ST01.uasset" 549
"../../../../../UE4CPP4.22/ShootingGame/Content/PrototypeWeap/Sound/Rifle/RifleA_Fire_ST02.uasset" 550
"../../../../../UE4CPP4.22/ShootingGame/Content/PrototypeWeap/Sound/Rifle/RifleA_Fire_ST03.uasset" 551
"../../../../../UE4CPP4.22/ShootingGame/Content/PrototypeWeap/Sound/Rifle/RifleA_Fire_ST04.uasset" 552
"../../../../../UE4CPP4.22/ShootingGame/Content/PrototypeWeap/Sound/Rifle/RifleA_Fire_ST05.uasset" 553
"../../../../../UE4CPP4.22/ShootingGame/Content/PrototypeWeap/Sound/Rifle/Rifle_Fire_Cue.uasset" 554
"../../../../../UE4CPP4.22/ShootingGame/Content/PrototypeWeap/Sound/Rifle/Rifle_Reload01.uasset" 555
"../../../../../UE4CPP4.22/ShootingGame/Content/PrototypeWeap/Sound/Rifle/Rifle_Reload02.uasset" 556
"../../../../../UE4CPP4.22/ShootingGame/Content/PrototypeWeap/Sound/Rifle/Rifle_Reload03.uasset" 557
"../../../../../UE4CPP4.22/ShootingGame/Content/PrototypeWeap/Sound/Rifle/Rifle_Reload04.uasset" 558
"../../../../../UE4CPP4.22/ShootingGame/Content/PrototypeWeap/Sound/Rifle/Rifle_Reload05.uasset" 559
"../../../../../UE4CPP4.22/ShootingGame/Content/PrototypeWeap/Sound/Rifle/Rifle_Reload_Cue.uasset" 560
"../../../../../UE4CPP4.22/ShootingGame/Content/BluePrint/Weapon/BP_SGPrototype_Rifle.uasset" 561
"../../../../../UE4CPP4.22/ShootingGame/Content/SciFiWeapLight/FX/Textures/T_Pistol_MuzzleFlashes_4x1_A.uasset" 562
"../../../../../UE4CPP4.22/ShootingGame/Content/SciFiWeapLight/FX/Materials/M_Pistol_MuzzleFlash_4x1_A.uasset" 563
"../../../../../UE4CPP4.22/ShootingGame/Content/SciFiWeapLight/FX/Textures/T_Pistol_Streaks_01.uasset" 564
"../../../../../UE4CPP4.22/ShootingGame/Content/SciFiWeapLight/FX/Materials/M_Pistol_Streaks_01.uasset" 565
"../../../../../UE4CPP4.22/ShootingGame/Content/SciFiWeapLight/FX/Textures/T_GlowSphere_01.uasset" 566
"../../../../../UE4CPP4.22/ShootingGame/Content/SciFiWeapLight/FX/Materials/M_Pop_01.uasset" 567
"../../../../../UE4CPP4.22/ShootingGame/Content/SciFiWeapLight/FX/Materials/M_Plasma_Inst_A_Light.uasset" 568
"../../../../../UE4CPP4.22/ShootingGame/Content/SciFiWeapLight/FX/Textures/T_Sparks_02.uasset" 569
"../../../../../UE4CPP4.22/ShootingGame/Content/SciFiWeapLight/FX/Materials/M_Sparks_02.uasset" 570
"../../../../../UE4CPP4.22/ShootingGame/Content/SciFiWeapLight/FX/Vector_Fields/FGA_Turbulent_01.uasset" 571
"../../../../../UE4CPP4.22/ShootingGame/Content/SciFiWeapLight/FX/Particles/P_Pistol_MuzzleFlash_Light.uasset" 572
"../../../../../UE4CPP4.22/ShootingGame/Content/SciFiWeapLight/Sound/Attenuation/WeaponShot_att.uasset" 573
"../../../../../UE4CPP4.22/ShootingGame/Content/SciFiWeapLight/Sound/Pistol/Wavs/Pistol_Fire01.uasset" 574
"../../../../../UE4CPP4.22/ShootingGame/Content/SciFiWeapLight/Sound/Pistol/Wavs/Pistol_Fire02.uasset" 575
"../../../../../UE4CPP4.22/ShootingGame/Content/SciFiWeapLight/Sound/Pistol/Wavs/Pistol_Fire03.uasset" 576
"../../../../../UE4CPP4.22/ShootingGame/Content/SciFiWeapLight/Sound/Pistol/Wavs/Pistol_Fire04.uasset" 577
"../../../../../UE4CPP4.22/ShootingGame/Content/SciFiWeapLight/Sound/Pistol/Wavs/Pistol_Fire05.uasset" 578
"../../../../../UE4CPP4.22/ShootingGame/Content/SciFiWeapLight/Sound/Pistol/Wavs/Pistol_Fire06.uasset" 579
"../../../../../UE4CPP4.22/ShootingGame/Content/SciFiWeapLight/Sound/Pistol/Wavs/Pistol_Fire07.uasset" 580
"../../../../../UE4CPP4.22/ShootingGame/Content/SciFiWeapLight/Sound/Pistol/Wavs/Pistol_Fire_ST01.uasset" 581
"../../../../../UE4CPP4.22/ShootingGame/Content/SciFiWeapLight/Sound/Pistol/Wavs/Pistol_Fire_ST02.uasset" 582
"../../../../../UE4CPP4.22/ShootingGame/Content/SciFiWeapLight/Sound/Pistol/Wavs/Pistol_Fire_ST03.uasset" 583
"../../../../../UE4CPP4.22/ShootingGame/Content/SciFiWeapLight/Sound/Pistol/Wavs/Pistol_Fire_ST04.uasset" 584
"../../../../../UE4CPP4.22/ShootingGame/Content/SciFiWeapLight/Sound/Pistol/Wavs/Pistol_Fire_ST05.uasset" 585
"../../../../../UE4CPP4.22/ShootingGame/Content/SciFiWeapLight/Sound/Pistol/Wavs/Pistol_Fire_ST06.uasset" 586
"../../../../../UE4CPP4.22/ShootingGame/Content/SciFiWeapLight/Sound/Pistol/Wavs/Pistol_Fire_ST07.uasset" 587
"../../../../../UE4CPP4.22/ShootingGame/Content/SciFiWeapLight/Sound/Pistol/Pistol_Fire_Cue.uasset" 588
"../../../../../UE4CPP4.22/ShootingGame/Content/SciFiWeapLight/Sound/Pistol/Wavs/Pistol_ReloadMagEject01.uasset" 589
"../../../../../UE4CPP4.22/ShootingGame/Content/SciFiWeapLight/Sound/Pistol/Wavs/Pistol_ReloadMagEject02.uasset" 590
"../../../../../UE4CPP4.22/ShootingGame/Content/SciFiWeapLight/Sound/Pistol/Wavs/Pistol_ReloadMagEject03.uasset" 591
"../../../../../UE4CPP4.22/ShootingGame/Content/SciFiWeapLight/Sound/Pistol/Pistol_ReloadEject_Cue.uasset" 592
"../../../../../UE4CPP4.22/ShootingGame/Content/SciFiWeapLight/Weapons/White_Pistol_PhysicsAsset.uasset" 593
"../../../../../UE4CPP4.22/ShootingGame/Content/SciFiWeapLight/Weapons/White_Pistol_Skeleton.uasset" 594
"../../../../../UE4CPP4.22/ShootingGame/Content/SciFiWeapLight/Weapons/White_Pistol.uasset" 595
"../../../../../UE4CPP4.22/ShootingGame/Content/BluePrint/Weapon/BP_SGWhite_Pistol.uasset" 596
"../../../../../UE4CPP4.22/ShootingGame/Content/SciFiWeapLight/FX/Textures/T_AssaultRifle_MuzzleFlashes_01.uasset" 597
"../../../../../UE4CPP4.22/ShootingGame/Content/SciFiWeapLight/FX/Materials/M_AssaultRifle_MuzzleFlash_4x1.uasset" 598
"../../../../../UE4CPP4.22/ShootingGame/Content/SciFiWeapLight/FX/Materials/M_AssualtRifle_Core_01.uasset" 599
"../../../../../UE4CPP4.22/ShootingGame/Content/SciFiWeapLight/FX/Textures/T_DistortionCrystals_01.uasset" 600
"../../../../../UE4CPP4.22/ShootingGame/Content/SciFiWeapLight/FX/Textures/T_DistortionCrystals_Mask_01.uasset" 601
"../../../../../UE4CPP4.22/ShootingGame/Content/SciFiWeapLight/FX/Materials/M_CrystalRefraction_01.uasset" 602
"../../../../../UE4CPP4.22/ShootingGame/Content/SciFiWeapLight/FX/Materials/M_Plasma_Inst_B_Light.uasset" 603
"../../../../../UE4CPP4.22/ShootingGame/Content/SciFiWeapLight/FX/Materials/M_Plasma_Inst_C_Light.uasset" 604
"../../../../../UE4CPP4.22/ShootingGame/Content/SciFiWeapLight/FX/Meshes/St_AssualtRifle_Core_01.uasset" 605
"../../../../../UE4CPP4.22/ShootingGame/Content/SciFiWeapLight/FX/Particles/P_AssaultRifle_MuzzleFlash_Light.uasset" 606
"../../../../../UE4CPP4.22/ShootingGame/Content/SciFiWeapLight/Sound/Rifle/Wavs/Rifle_Fire01.uasset" 607
"../../../../../UE4CPP4.22/ShootingGame/Content/SciFiWeapLight/Sound/Rifle/Wavs/Rifle_Fire02.uasset" 608
"../../../../../UE4CPP4.22/ShootingGame/Content/SciFiWeapLight/Sound/Rifle/Wavs/Rifle_Fire03.uasset" 609
"../../../../../UE4CPP4.22/ShootingGame/Content/SciFiWeapLight/Sound/Rifle/Wavs/Rifle_Fire04.uasset" 610
"../../../../../UE4CPP4.22/ShootingGame/Content/SciFiWeapLight/Sound/Rifle/Wavs/Rifle_Fire05.uasset" 611
"../../../../../UE4CPP4.22/ShootingGame/Content/SciFiWeapLight/Sound/Rifle/Wavs/Rifle_Fire06.uasset" 612
"../../../../../UE4CPP4.22/ShootingGame/Content/SciFiWeapLight/Sound/Rifle/Wavs/Rifle_Fire_ST01.uasset" 613
"../../../../../UE4CPP4.22/ShootingGame/Content/SciFiWeapLight/Sound/Rifle/Wavs/Rifle_Fire_ST02.uasset" 614
"../../../../../UE4CPP4.22/ShootingGame/Content/SciFiWeapLight/Sound/Rifle/Wavs/Rifle_Fire_ST03.uasset" 615
"../../../../../UE4CPP4.22/ShootingGame/Content/SciFiWeapLight/Sound/Rifle/Wavs/Rifle_Fire_ST04.uasset" 616
"../../../../../UE4CPP4.22/ShootingGame/Content/SciFiWeapLight/Sound/Rifle/Wavs/Rifle_Fire_ST05.uasset" 617
"../../../../../UE4CPP4.22/ShootingGame/Content/SciFiWeapLight/Sound/Rifle/Wavs/Rifle_Fire_ST06.uasset" 618
"../../../../../UE4CPP4.22/ShootingGame/Content/SciFiWeapLight/Sound/Rifle/Rifle_Fire_Cue.uasset" 619
"../../../../../UE4CPP4.22/ShootingGame/Content/SciFiWeapLight/Sound/Rifle/Wavs/Rifle_Reload01.uasset" 620
"../../../../../UE4CPP4.22/ShootingGame/Content/SciFiWeapLight/Sound/Rifle/Wavs/Rifle_Reload02.uasset" 621
"../../../../../UE4CPP4.22/ShootingGame/Content/SciFiWeapLight/Sound/Rifle/Wavs/Rifle_Reload03.uasset" 622
"../../../../../UE4CPP4.22/ShootingGame/Content/SciFiWeapLight/Sound/Rifle/Rifle_Reload_Cue.uasset" 623
"../../../../../UE4CPP4.22/ShootingGame/Content/SciFiWeapLight/Weapons/White_Rifle_PhysicsAsset.uasset" 624
"../../../../../UE4CPP4.22/ShootingGame/Content/SciFiWeapLight/Weapons/White_Rifle_Skeleton.uasset" 625
"../../../../../UE4CPP4.22/ShootingGame/Content/SciFiWeapLight/Weapons/White_Rifle.uasset" 626
"../../../../../UE4CPP4.22/ShootingGame/Content/BluePrint/Weapon/BP_SGWhite_Rifle.uasset" 627
"../../../../../UE4CPP4.22/ShootingGame/Content/GameData/Resource/DarknessPistol.uasset" 628
"../../../../../UE4CPP4.22/ShootingGame/Content/GameData/Resource/DarknessRifle.uasset" 629
"../../../../../UE4CPP4.22/ShootingGame/Content/GameData/Resource/PrototypePistol.uasset" 630
"../../../../../UE4CPP4.22/ShootingGame/Content/GameData/Resource/PrototypeRifle.uasset" 631
"../../../../../UE4CPP4.22/ShootingGame/Content/GameData/Resource/WhitePistol.uasset" 632
"../../../../../UE4CPP4.22/ShootingGame/Content/GameData/Resource/WhiteRifle.uasset" 633
"../../../../../UE4CPP4.22/ShootingGame/Content/GameData/Data/WeaponDataTable.uasset" 634
"../../../../../UE4CPP4.22/ShootingGame/Content/BluePrint/UI/MainMenu/BP_SGLoadingScreen.uasset" 635
"../../../../../UE4CPP4.22/ShootingGame/Content/BluePrint/Game/BP_SGGameInstance.uasset" 636
"../../../../../UE4CPP4.22/ShootingGame/Content/BluePrint/Game/BP_SGGameMode.uasset" 637
"../../../../../UE4CPP4.22/ShootingGame/Content/StarterContent/Textures/T_Shelf_M.uasset" 638
"../../../../../UE4CPP4.22/ShootingGame/Content/StarterContent/Textures/T_Shelf_N.uasset" 639
"../../../../../UE4CPP4.22/ShootingGame/Content/StarterContent/Props/Materials/M_Shelf.uasset" 640
"../../../../../UE4CPP4.22/ShootingGame/Content/StarterContent/Materials/M_Basic_Wall.uasset" 641
"../../../../../UE4CPP4.22/ShootingGame/Content/StarterContent/Shapes/Shape_Sphere.uasset" 642
"../../../../../UE4CPP4.22/ShootingGame/Content/BluePrint/Pickup/BP_SGPistolAmmo.uasset" 643
"../../../../../UE4CPP4.22/ShootingGame/Content/InfinityBladeEffects/Effects/Masters/M_Opaque_Static_Lit_Emis_PanMaster.uasset" 644
"../../../../../UE4CPP4.22/ShootingGame/Content/InfinityBladeEffects/Effects/FX_Textures/Tile/T_Clouds_Tile_04.uasset" 645
"../../../../../UE4CPP4.22/ShootingGame/Content/InfinityBladeEffects/Effects/FX_Materials/Misc/M_UI_Inventory_backdrop_INST.uasset" 646
"../../../../../UE4CPP4.22/ShootingGame/Content/BluePrint/Pickup/BP_SGRifleAmmo.uasset" 647
"../../../../../UE4CPP4.22/ShootingGame/Content/FPSAssets/HUD_Export/AK-47_Icon.uasset" 648
"../../../../../UE4CPP4.22/ShootingGame/Content/FPSAssets/HUD_Export/Bar_NoFill.uasset" 649
"../../../../../UE4CPP4.22/ShootingGame/Content/BluePrint/UI/MainMenu/BP_WeaponButton.uasset" 650
"../../../../../UE4CPP4.22/ShootingGame/Content/BluePrint/UI/MainMenu/BP_SelectPistol.uasset" 651
"../../../../../UE4CPP4.22/ShootingGame/Content/BluePrint/UI/MainMenu/BP_SelectRIfle.uasset" 652
"../../../../../UE4CPP4.22/ShootingGame/Content/BluePrint/Player/BP_SGMainMenuPlayerController.uasset" 653
"../../../../../UE4CPP4.22/ShootingGame/Content/AnimStarterPack/Equip_Rifle_Standing.uasset" 654
"../../../../../UE4CPP4.22/ShootingGame/Content/BluePrint/Player/EquipAnimMontage.uasset" 655
"../../../../../UE4CPP4.22/ShootingGame/Content/AnimStarterPack/reloading_inPlace.uasset" 656
"../../../../../UE4CPP4.22/ShootingGame/Content/BluePrint/Player/ReloadAnimMontage.uasset" 657
"../../../../../UE4CPP4.22/ShootingGame/Content/AnimStarterPack/Jump_From_Stand_Ironsights.uasset" 658
"../../../../../UE4CPP4.22/ShootingGame/Content/AnimStarterPack/jump_loop.uasset" 659
"../../../../../UE4CPP4.22/ShootingGame/Content/AnimStarterPack/jump_up.uasset" 660
"../../../../../UE4CPP4.22/ShootingGame/Content/AnimStarterPack/Sprint_Fwd_Rifle.uasset" 661
"../../../../../UE4CPP4.22/ShootingGame/Content/AnimStarterPack/Idle_Rifle_Ironsights.uasset" 662
"../../../../../UE4CPP4.22/ShootingGame/Content/AnimStarterPack/Walk_Bwd_Rifle_Ironsights.uasset" 663
"../../../../../UE4CPP4.22/ShootingGame/Content/AnimStarterPack/Walk_Fwd_Rifle_Ironsights.uasset" 664
"../../../../../UE4CPP4.22/ShootingGame/Content/AnimStarterPack/Walk_Lt_Rifle_Ironsights.uasset" 665
"../../../../../UE4CPP4.22/ShootingGame/Content/AnimStarterPack/Walk_Rt_Rifle_Ironsights.uasset" 666
"../../../../../UE4CPP4.22/ShootingGame/Content/AnimStarterPack/SG_Aiming.uasset" 667
"../../../../../UE4CPP4.22/ShootingGame/Content/AnimStarterPack/Crouch_Idle_Rifle_Ironsights.uasset" 668
"../../../../../UE4CPP4.22/ShootingGame/Content/AnimStarterPack/Crouch_Walk_Bwd_Rifle_Ironsights.uasset" 669
"../../../../../UE4CPP4.22/ShootingGame/Content/AnimStarterPack/Crouch_Walk_Fwd_Rifle_Ironsights.uasset" 670
"../../../../../UE4CPP4.22/ShootingGame/Content/AnimStarterPack/Crouch_Walk_Lt_Rifle_Ironsights.uasset" 671
"../../../../../UE4CPP4.22/ShootingGame/Content/AnimStarterPack/Crouch_Walk_Rt_Rifle_Ironsights.uasset" 672
"../../../../../UE4CPP4.22/ShootingGame/Content/AnimStarterPack/SG_Crouch_Aiming.uasset" 673
"../../../../../UE4CPP4.22/ShootingGame/Content/AnimStarterPack/Crouch_Idle_Rifle_Hip.uasset" 674
"../../../../../UE4CPP4.22/ShootingGame/Content/AnimStarterPack/Crouch_Walk_Bwd_Rifle_Hip.uasset" 675
"../../../../../UE4CPP4.22/ShootingGame/Content/AnimStarterPack/Crouch_Walk_Fwd_Rifle_Hip.uasset" 676
"../../../../../UE4CPP4.22/ShootingGame/Content/AnimStarterPack/Crouch_Walk_Lt_Rifle_Hip.uasset" 677
"../../../../../UE4CPP4.22/ShootingGame/Content/AnimStarterPack/Crouch_Walk_Rt_Rifle_Hip.uasset" 678
"../../../../../UE4CPP4.22/ShootingGame/Content/AnimStarterPack/SG_CrouchWalk.uasset" 679
"../../../../../UE4CPP4.22/ShootingGame/Content/AnimStarterPack/Idle_Rifle_Hip.uasset" 680
"../../../../../UE4CPP4.22/ShootingGame/Content/AnimStarterPack/Jog_Bwd_Rifle.uasset" 681
"../../../../../UE4CPP4.22/ShootingGame/Content/AnimStarterPack/Jog_Fwd_Rifle.uasset" 682
"../../../../../UE4CPP4.22/ShootingGame/Content/AnimStarterPack/Jog_Lt_Rifle.uasset" 683
"../../../../../UE4CPP4.22/ShootingGame/Content/AnimStarterPack/Jog_Rt_Rifle.uasset" 684
"../../../../../UE4CPP4.22/ShootingGame/Content/AnimStarterPack/SG_Jog.uasset" 685
"../../../../../UE4CPP4.22/ShootingGame/Content/BluePrint/Player/BP_SGPlayerAnim.uasset" 686
"../../../../../UE4CPP4.22/ShootingGame/Content/BluePrint/Player/BP_SGPlayer.uasset" 687
"../../../../../UE4CPP4.22/ShootingGame/Content/BluePrint/Player/BP_SGPlayerController.uasset" 688
"../../../../../UE4CPP4.22/ShootingGame/Content/BluePrint/Player/BP_SGPlayerState.uasset" 689
"../../../../../UE4CPP4.22/ShootingGame/Content/BluePrint/UI/InGame/BP_FloatingDamageText.uasset" 690
"../../../../../UE4CPP4.22/ShootingGame/Content/GameData/Resource/HPBorder.uasset" 691
"../../../../../UE4CPP4.22/ShootingGame/Content/BluePrint/UI/InGame/BP_HPBar.uasset" 692
"../../../../../UE4CPP4.22/ShootingGame/Content/GameData/Resource/CrossHair.uasset" 693
"../../../../../UE4CPP4.22/ShootingGame/Content/BluePrint/UI/InGame/BP_SGCrossHair.uasset" 694
"../../../../../UE4CPP4.22/ShootingGame/Content/GameData/Resource/RedVignette.uasset" 695
"../../../../../UE4CPP4.22/ShootingGame/Content/BluePrint/UI/InGame/BP_SGHitEffect.uasset" 696
"../../../../../UE4CPP4.22/ShootingGame/Content/FPSAssets/HUD_Export/Pistol_Icon.uasset" 697
"../../../../../UE4CPP4.22/ShootingGame/Content/BluePrint/UI/InGame/BP_WeaponHUD.uasset" 698
"../../../../../UE4CPP4.22/ShootingGame/Content/BluePrint/UI/InGame/BP_SGHUDWidget.uasset" 699
"../../../../../UE4CPP4.22/ShootingGame/Content/BluePrint/UI/MainMenu/BP_MainMenu.uasset" 700
"../../../../../UE4CPP4.22/ShootingGame/Content/Bunker/Maps/Bunker_BuiltData.uasset" 701
"../../../../../UE4CPP4.22/ShootingGame/Content/Bunker/Textures/T_abc_BC.uasset" 702
"../../../../../UE4CPP4.22/ShootingGame/Content/Bunker/Materials/M_abc_32.uasset" 703
"../../../../../UE4CPP4.22/ShootingGame/Content/Bunker/Materials/M_abc_a.uasset" 704
"../../../../../UE4CPP4.22/ShootingGame/Content/Bunker/Materials/M_abc_B.uasset" 705
"../../../../../UE4CPP4.22/ShootingGame/Content/Bunker/Materials/M_abc_C.uasset" 706
"../../../../../UE4CPP4.22/ShootingGame/Content/Bunker/Textures/T_barrel_AO.uasset" 707
"../../../../../UE4CPP4.22/ShootingGame/Content/Bunker/Textures/T_barrel_BC.uasset" 708
"../../../../../UE4CPP4.22/ShootingGame/Content/Bunker/Textures/T_barrel_M.uasset" 709
"../../../../../UE4CPP4.22/ShootingGame/Content/Bunker/Textures/T_barrel_N.uasset" 710
"../../../../../UE4CPP4.22/ShootingGame/Content/Bunker/Textures/T_barrel_RO.uasset" 711
"../../../../../UE4CPP4.22/ShootingGame/Content/Bunker/Materials/M_barrel.uasset" 712
"../../../../../UE4CPP4.22/ShootingGame/Content/Bunker/Textures/T_barrel_BC_red.uasset" 713
"../../../../../UE4CPP4.22/ShootingGame/Content/Bunker/Materials/M_barrel_green.uasset" 714
"../../../../../UE4CPP4.22/ShootingGame/Content/Bunker/Textures/T_LeakingDirt_BC.uasset" 715
"../../../../../UE4CPP4.22/ShootingGame/Content/Bunker/Materials/M_LeakingDecal01.uasset" 716
"../../../../../UE4CPP4.22/ShootingGame/Content/Bunker/Materials/M_LeakingDecal02.uasset" 717
"../../../../../UE4CPP4.22/ShootingGame/Content/Bunker/Textures/T_Puddle02_BC.uasset" 718
"../../../../../UE4CPP4.22/ShootingGame/Content/Bunker/Materials/M_leakingDecal_03.uasset" 719
"../../../../../UE4CPP4.22/ShootingGame/Content/Bunker/Materials/M_leakingDecal_4.uasset" 720
"../../../../../UE4CPP4.22/ShootingGame/Content/Bunker/Textures/T_pipes_AO.uasset" 721
"../../../../../UE4CPP4.22/ShootingGame/Content/Bunker/Textures/T_pipes_M.uasset" 722
"../../../../../UE4CPP4.22/ShootingGame/Content/Bunker/Textures/T_pipes_N.uasset" 723
"../../../../../UE4CPP4.22/ShootingGame/Content/Bunker/Textures/T_pipes_red_BC.uasset" 724
"../../../../../UE4CPP4.22/ShootingGame/Content/Bunker/Textures/T_pipes_RO.uasset" 725
"../../../../../UE4CPP4.22/ShootingGame/Content/Bunker/Materials/m_pipes_red.uasset" 726
"../../../../../UE4CPP4.22/ShootingGame/Content/Bunker/Textures/T_pipe_N.uasset" 727
"../../../../../UE4CPP4.22/ShootingGame/Content/Bunker/Textures/T_pipe_red_BC.uasset" 728
"../../../../../UE4CPP4.22/ShootingGame/Content/Bunker/Textures/T_pipe_staff_AO.uasset" 729
"../../../../../UE4CPP4.22/ShootingGame/Content/Bunker/Textures/T_pipe_staff_M.uasset" 730
"../../../../../UE4CPP4.22/ShootingGame/Content/Bunker/Textures/T_pipe_staff_RO.uasset" 731
"../../../../../UE4CPP4.22/ShootingGame/Content/Bunker/Materials/M_pipe_staff_red.uasset" 732
"../../../../../UE4CPP4.22/ShootingGame/Content/Bunker/Textures/T_Puddle01_BC.uasset" 733
"../../../../../UE4CPP4.22/ShootingGame/Content/Bunker/Materials/M_Puddle01.uasset" 734
"../../../../../UE4CPP4.22/ShootingGame/Content/Bunker/Materials/M_Puddle02.uasset" 735
"../../../../../UE4CPP4.22/ShootingGame/Content/Bunker/Textures/T_warning_line_BC.uasset" 736
"../../../../../UE4CPP4.22/ShootingGame/Content/Bunker/Materials/M_warning_stripe.uasset" 737
"../../../../../UE4CPP4.22/ShootingGame/Content/Bunker/Materials/M_warning_stripe_b.uasset" 738
"../../../../../UE4CPP4.22/ShootingGame/Content/Bunker/Materials/M_warning_stripe_c.uasset" 739
"../../../../../UE4CPP4.22/ShootingGame/Content/Bunker/Materials/M_warning_stripe_d.uasset" 740
"../../../../../UE4CPP4.22/ShootingGame/Content/Bunker/Textures/T_wall_concrete_AO.uasset" 741
"../../../../../UE4CPP4.22/ShootingGame/Content/Bunker/Textures/T_wall_concrete_BC.uasset" 742
"../../../../../UE4CPP4.22/ShootingGame/Content/Bunker/Textures/T_wall_concrete_N.uasset" 743
"../../../../../UE4CPP4.22/ShootingGame/Content/Bunker/Textures/T_wall_concrete_RO.uasset" 744
"../../../../../UE4CPP4.22/ShootingGame/Content/Bunker/Materials/M_wall_cancrete.uasset" 745
"../../../../../UE4CPP4.22/ShootingGame/Content/Bunker/Meshes/SM_arc.uasset" 746
"../../../../../UE4CPP4.22/ShootingGame/Content/Bunker/Textures/T_barrel_green_BC.uasset" 747
"../../../../../UE4CPP4.22/ShootingGame/Content/Bunker/Materials/M_barrel_3.uasset" 748
"../../../../../UE4CPP4.22/ShootingGame/Content/Bunker/Meshes/SM_barel.uasset" 749
"../../../../../UE4CPP4.22/ShootingGame/Content/Bunker/Textures/T_box_b_AO.uasset" 750
"../../../../../UE4CPP4.22/ShootingGame/Content/Bunker/Textures/T_box_b_BC.uasset" 751
"../../../../../UE4CPP4.22/ShootingGame/Content/Bunker/Textures/T_box_b_M.uasset" 752
"../../../../../UE4CPP4.22/ShootingGame/Content/Bunker/Textures/T_box_b_N.uasset" 753
"../../../../../UE4CPP4.22/ShootingGame/Content/Bunker/Textures/T_box_b_RO.uasset" 754
"../../../../../UE4CPP4.22/ShootingGame/Content/Bunker/Materials/M_box_big.uasset" 755
"../../../../../UE4CPP4.22/ShootingGame/Content/Bunker/Meshes/SM_box_big.uasset" 756
"../../../../../UE4CPP4.22/ShootingGame/Content/Bunker/Textures/T_box_medium__N.uasset" 757
"../../../../../UE4CPP4.22/ShootingGame/Content/Bunker/Textures/T_box_medium_AO.uasset" 758
"../../../../../UE4CPP4.22/ShootingGame/Content/Bunker/Textures/T_box_medium_BC.uasset" 759
"../../../../../UE4CPP4.22/ShootingGame/Content/Bunker/Textures/T_box_medium_M.uasset" 760
"../../../../../UE4CPP4.22/ShootingGame/Content/Bunker/Textures/T_box_medium_RO.uasset" 761
"../../../../../UE4CPP4.22/ShootingGame/Content/Bunker/Materials/M_box_medium.uasset" 762
"../../../../../UE4CPP4.22/ShootingGame/Content/Bunker/Meshes/SM_box_medium.uasset" 763
"../../../../../UE4CPP4.22/ShootingGame/Content/Bunker/Textures/T_brick_s_AO.uasset" 764
"../../../../../UE4CPP4.22/ShootingGame/Content/Bunker/Textures/T_brick_s_BC.uasset" 765
"../../../../../UE4CPP4.22/ShootingGame/Content/Bunker/Textures/T_brick_s_N.uasset" 766
"../../../../../UE4CPP4.22/ShootingGame/Content/Bunker/Textures/T_brick_s_RO.uasset" 767
"../../../../../UE4CPP4.22/ShootingGame/Content/Bunker/Materials/M_brick_small.uasset" 768
"../../../../../UE4CPP4.22/ShootingGame/Content/Bunker/Meshes/SM_brick_a.uasset" 769
"../../../../../UE4CPP4.22/ShootingGame/Content/Bunker/Meshes/SM_brick_b.uasset" 770
"../../../../../UE4CPP4.22/ShootingGame/Content/Bunker/Textures/t_brick__normal.uasset" 771
"../../../../../UE4CPP4.22/ShootingGame/Content/Bunker/Textures/t_brick_AO.uasset" 772
"../../../../../UE4CPP4.22/ShootingGame/Content/Bunker/Textures/t_brick_BC.uasset" 773
"../../../../../UE4CPP4.22/ShootingGame/Content/Bunker/Textures/t_brick_RO.uasset" 774
"../../../../../UE4CPP4.22/ShootingGame/Content/Bunker/Materials/M_brick.uasset" 775
"../../../../../UE4CPP4.22/ShootingGame/Content/Bunker/Meshes/SM_brick_c.uasset" 776
"../../../../../UE4CPP4.22/ShootingGame/Content/Bunker/Meshes/SM_brick_d.uasset" 777
"../../../../../UE4CPP4.22/ShootingGame/Content/Bunker/Textures/T_plates_concrete_AO.uasset" 778
"../../../../../UE4CPP4.22/ShootingGame/Content/Bunker/Textures/T_plates_concrete_BC.uasset" 779
"../../../../../UE4CPP4.22/ShootingGame/Content/Bunker/Textures/T_plates_concrete_N.uasset" 780
"../../../../../UE4CPP4.22/ShootingGame/Content/Bunker/Textures/T_plates_concrete_RO.uasset" 781
"../../../../../UE4CPP4.22/ShootingGame/Content/Bunker/Materials/M_plates_concrete.uasset" 782
"../../../../../UE4CPP4.22/ShootingGame/Content/Bunker/Meshes/SM_ceiling.uasset" 783
"../../../../../UE4CPP4.22/ShootingGame/Content/Bunker/Textures/T_column_AO.uasset" 784
"../../../../../UE4CPP4.22/ShootingGame/Content/Bunker/Textures/T_column_BC.uasset" 785
"../../../../../UE4CPP4.22/ShootingGame/Content/Bunker/Textures/T_column_N.uasset" 786
"../../../../../UE4CPP4.22/ShootingGame/Content/Bunker/Textures/T_column_RO.uasset" 787
"../../../../../UE4CPP4.22/ShootingGame/Content/Bunker/Materials/M_column.uasset" 788
"../../../../../UE4CPP4.22/ShootingGame/Content/Bunker/Meshes/SM_column.uasset" 789
"../../../../../UE4CPP4.22/ShootingGame/Content/Bunker/Textures/T_staff_AO.uasset" 790
"../../../../../UE4CPP4.22/ShootingGame/Content/Bunker/Textures/T_staff_BC.uasset" 791
"../../../../../UE4CPP4.22/ShootingGame/Content/Bunker/Textures/T_staff_M.uasset" 792
"../../../../../UE4CPP4.22/ShootingGame/Content/Bunker/Textures/T_staff_N.uasset" 793
"../../../../../UE4CPP4.22/ShootingGame/Content/Bunker/Textures/T_staff_RO.uasset" 794
"../../../../../UE4CPP4.22/ShootingGame/Content/Bunker/Materials/M_staff.uasset" 795
"../../../../../UE4CPP4.22/ShootingGame/Content/Bunker/Meshes/SM_connector.uasset" 796
"../../../../../UE4CPP4.22/ShootingGame/Content/Bunker/Meshes/SM_connector_small.uasset" 797
"../../../../../UE4CPP4.22/ShootingGame/Content/Bunker/Meshes/SM_cornice.uasset" 798
"../../../../../UE4CPP4.22/ShootingGame/Content/Bunker/Meshes/SM_cornice_corner.uasset" 799
"../../../../../UE4CPP4.22/ShootingGame/Content/Bunker/Textures/T_crane_AO.uasset" 800
"../../../../../UE4CPP4.22/ShootingGame/Content/Bunker/Textures/T_crane_M.uasset" 801
"../../../../../UE4CPP4.22/ShootingGame/Content/Bunker/Textures/T_crane_rail_BC.uasset" 802
"../../../../../UE4CPP4.22/ShootingGame/Content/Bunker/Textures/T_crane_rail_N.uasset" 803
"../../../../../UE4CPP4.22/ShootingGame/Content/Bunker/Textures/T_crane_RO.uasset" 804
"../../../../../UE4CPP4.22/ShootingGame/Content/Bunker/Materials/M_crane.uasset" 805
"../../../../../UE4CPP4.22/ShootingGame/Content/Bunker/Meshes/SM_crane_circle.uasset" 806
"../../../../../UE4CPP4.22/ShootingGame/Content/Bunker/Meshes/SM_crane_crane.uasset" 807
"../../../../../UE4CPP4.22/ShootingGame/Content/Bunker/Meshes/SM_crane_crane_rail.uasset" 808
"../../../../../UE4CPP4.22/ShootingGame/Content/Bunker/Meshes/SM_crane_pipe_suport.uasset" 809
"../../../../../UE4CPP4.22/ShootingGame/Content/Bunker/Textures/T_door_AO.uasset" 810
"../../../../../UE4CPP4.22/ShootingGame/Content/Bunker/Textures/T_door_BC.uasset" 811
"../../../../../UE4CPP4.22/ShootingGame/Content/Bunker/Textures/T_door_M.uasset" 812
"../../../../../UE4CPP4.22/ShootingGame/Content/Bunker/Textures/T_door_N.uasset" 813
"../../../../../UE4CPP4.22/ShootingGame/Content/Bunker/Textures/T_door_RO.uasset" 814
"../../../../../UE4CPP4.22/ShootingGame/Content/Bunker/Materials/M_door.uasset" 815
"../../../../../UE4CPP4.22/ShootingGame/Content/Bunker/Textures/T_door_case_BC.uasset" 816
"../../../../../UE4CPP4.22/ShootingGame/Content/Bunker/Textures/T_door_case_M.uasset" 817
"../../../../../UE4CPP4.22/ShootingGame/Content/Bunker/Textures/T_door_case_N.uasset" 818
"../../../../../UE4CPP4.22/ShootingGame/Content/Bunker/Textures/T_door_case_RO.uasset" 819
"../../../../../UE4CPP4.22/ShootingGame/Content/Bunker/Textures/T_door_caseAO.uasset" 820
"../../../../../UE4CPP4.22/ShootingGame/Content/Bunker/Materials/M_door_case.uasset" 821
"../../../../../UE4CPP4.22/ShootingGame/Content/Bunker/Meshes/SM_door_case_a.uasset" 822
"../../../../../UE4CPP4.22/ShootingGame/Content/Bunker/Meshes/SM_door_case_b.uasset" 823
"../../../../../UE4CPP4.22/ShootingGame/Content/Bunker/Meshes/SM_Door_left.uasset" 824
"../../../../../UE4CPP4.22/ShootingGame/Content/Bunker/Meshes/SM_Door_right.uasset" 825
"../../../../../UE4CPP4.22/ShootingGame/Content/Bunker/Meshes/SM_electrical_box_01.uasset" 826
"../../../../../UE4CPP4.22/ShootingGame/Content/Bunker/Textures/concrete_tile_AO.uasset" 827
"../../../../../UE4CPP4.22/ShootingGame/Content/Bunker/Textures/concrete_tile_BC.uasset" 828
"../../../../../UE4CPP4.22/ShootingGame/Content/Bunker/Textures/concrete_tile_N.uasset" 829
"../../../../../UE4CPP4.22/ShootingGame/Content/Bunker/Textures/concrete_tile_RO.uasset" 830
"../../../../../UE4CPP4.22/ShootingGame/Content/Bunker/Materials/M_concrete_tile.uasset" 831
"../../../../../UE4CPP4.22/ShootingGame/Content/Bunker/Meshes/SM_floor_concrete.uasset" 832
"../../../../../UE4CPP4.22/ShootingGame/Content/Bunker/Textures/T_hose_AO.uasset" 833
"../../../../../UE4CPP4.22/ShootingGame/Content/Bunker/Textures/T_hose_BC.uasset" 834
"../../../../../UE4CPP4.22/ShootingGame/Content/Bunker/Textures/T_hose_M.uasset" 835
"../../../../../UE4CPP4.22/ShootingGame/Content/Bunker/Textures/T_hose_N.uasset" 836
"../../../../../UE4CPP4.22/ShootingGame/Content/Bunker/Textures/T_hose_RO.uasset" 837
"../../../../../UE4CPP4.22/ShootingGame/Content/Bunker/Materials/M_hose.uasset" 838
"../../../../../UE4CPP4.22/ShootingGame/Content/Bunker/Meshes/SM_hose.uasset" 839
"../../../../../UE4CPP4.22/ShootingGame/Content/Bunker/Meshes/SM_hose_b.uasset" 840
"../../../../../UE4CPP4.22/ShootingGame/Content/Bunker/Meshes/SM_hose_c.uasset" 841
"../../../../../UE4CPP4.22/ShootingGame/Content/Bunker/Meshes/SM_hose_d.uasset" 842
"../../../../../UE4CPP4.22/ShootingGame/Content/Bunker/Meshes/SM_hose_e.uasset" 843
"../../../../../UE4CPP4.22/ShootingGame/Content/Bunker/Materials/M_emisisve.uasset" 844
"../../../../../UE4CPP4.22/ShootingGame/Content/Bunker/Meshes/SM_lamp_02.uasset" 845
"../../../../../UE4CPP4.22/ShootingGame/Content/Bunker/Textures/T_lamp_AO.uasset" 846
"../../../../../UE4CPP4.22/ShootingGame/Content/Bunker/Textures/T_lamp_BC.uasset" 847
"../../../../../UE4CPP4.22/ShootingGame/Content/Bunker/Textures/T_lamp_M.uasset" 848
"../../../../../UE4CPP4.22/ShootingGame/Content/Bunker/Textures/T_lamp_N.uasset" 849
"../../../../../UE4CPP4.22/ShootingGame/Content/Bunker/Materials/M_lamp.uasset" 850
"../../../../../UE4CPP4.22/ShootingGame/Content/Bunker/Meshes/SM_Lamp_balon.uasset" 851
"../../../../../UE4CPP4.22/ShootingGame/Content/Bunker/Meshes/SM_Lamp_lamp.uasset" 852
"../../../../../UE4CPP4.22/ShootingGame/Content/Bunker/Materials/M_emisisve_red.uasset" 853
"../../../../../UE4CPP4.22/ShootingGame/Content/Bunker/Meshes/SM_Lamp_lamp_small.uasset" 854
"../../../../../UE4CPP4.22/ShootingGame/Content/Bunker/Textures/T_pipes_BC.uasset" 855
"../../../../../UE4CPP4.22/ShootingGame/Content/Bunker/Materials/m_pipes.uasset" 856
"../../../../../UE4CPP4.22/ShootingGame/Content/Bunker/Meshes/SM_pipe_a.uasset" 857
"../../../../../UE4CPP4.22/ShootingGame/Content/Bunker/Meshes/SM_pipe_a_corner.uasset" 858
"../../../../../UE4CPP4.22/ShootingGame/Content/Bunker/Meshes/SM_pipe_a_small.uasset" 859
"../../../../../UE4CPP4.22/ShootingGame/Content/Bunker/Meshes/SM_pipe_b.uasset" 860
"../../../../../UE4CPP4.22/ShootingGame/Content/Bunker/Meshes/SM_pipe_b_corner.uasset" 861
"../../../../../UE4CPP4.22/ShootingGame/Content/Bunker/Meshes/SM_pipe_b_small.uasset" 862
"../../../../../UE4CPP4.22/ShootingGame/Content/Bunker/Meshes/SM_pipe_c.uasset" 863
"../../../../../UE4CPP4.22/ShootingGame/Content/Bunker/Meshes/SM_pipe_c_corner.uasset" 864
"../../../../../UE4CPP4.22/ShootingGame/Content/Bunker/Meshes/SM_pipe_c_small.uasset" 865
"../../../../../UE4CPP4.22/ShootingGame/Content/Bunker/Textures/T_pipe_BC.uasset" 866
"../../../../../UE4CPP4.22/ShootingGame/Content/Bunker/Materials/M_pipe_staff.uasset" 867
"../../../../../UE4CPP4.22/ShootingGame/Content/Bunker/Meshes/SM_pipe_staff_coupling_big.uasset" 868
"../../../../../UE4CPP4.22/ShootingGame/Content/Bunker/Meshes/SM_pipe_staff_coupling_small.uasset" 869
"../../../../../UE4CPP4.22/ShootingGame/Content/Bunker/Meshes/SM_pipe_staff_manometer.uasset" 870
"../../../../../UE4CPP4.22/ShootingGame/Content/Bunker/Meshes/SM_pipe_staff_sidebar.uasset" 871
"../../../../../UE4CPP4.22/ShootingGame/Content/Bunker/Meshes/SM_pipe_staff_valve.uasset" 872
"../../../../../UE4CPP4.22/ShootingGame/Content/Bunker/Textures/T_concrete_BC.uasset" 873
"../../../../../UE4CPP4.22/ShootingGame/Content/Bunker/Textures/T_concrete_N.uasset" 874
"../../../../../UE4CPP4.22/ShootingGame/Content/Bunker/Textures/T_concrete_ro_ao_m.uasset" 875
"../../../../../UE4CPP4.22/ShootingGame/Content/Bunker/Materials/M_concrete_plate_floor.uasset" 876
"../../../../../UE4CPP4.22/ShootingGame/Content/Bunker/Meshes/SM_plate_concrete.uasset" 877
"../../../../../UE4CPP4.22/ShootingGame/Content/Bunker/Textures/T_platform_AO.uasset" 878
"../../../../../UE4CPP4.22/ShootingGame/Content/Bunker/Textures/T_platform_BC.uasset" 879
"../../../../../UE4CPP4.22/ShootingGame/Content/Bunker/Textures/T_platform_M.uasset" 880
"../../../../../UE4CPP4.22/ShootingGame/Content/Bunker/Textures/T_platform_N.uasset" 881
"../../../../../UE4CPP4.22/ShootingGame/Content/Bunker/Textures/T_platform_RO.uasset" 882
"../../../../../UE4CPP4.22/ShootingGame/Content/Bunker/Materials/M_platform.uasset" 883
"../../../../../UE4CPP4.22/ShootingGame/Content/Bunker/Meshes/SM_plate_concrete_drain.uasset" 884
"../../../../../UE4CPP4.22/ShootingGame/Content/Bunker/Meshes/SM_platform_a.uasset" 885
"../../../../../UE4CPP4.22/ShootingGame/Content/Bunker/Meshes/SM_platform_b.uasset" 886
"../../../../../UE4CPP4.22/ShootingGame/Content/Bunker/Meshes/SM_platform_d.uasset" 887
"../../../../../UE4CPP4.22/ShootingGame/Content/Bunker/Meshes/SM_platform_e.uasset" 888
"../../../../../UE4CPP4.22/ShootingGame/Content/Bunker/Meshes/SM_platform_f.uasset" 889
"../../../../../UE4CPP4.22/ShootingGame/Content/Bunker/Meshes/SM_platform_g.uasset" 890
"../../../../../UE4CPP4.22/ShootingGame/Content/Bunker/Meshes/SM_plinth.uasset" 891
"../../../../../UE4CPP4.22/ShootingGame/Content/Bunker/Meshes/SM_plinth_corner.uasset" 892
"../../../../../UE4CPP4.22/ShootingGame/Content/Bunker/Textures/T_trolley_AO.uasset" 893
"../../../../../UE4CPP4.22/ShootingGame/Content/Bunker/Textures/T_trolley_BC.uasset" 894
"../../../../../UE4CPP4.22/ShootingGame/Content/Bunker/Textures/T_trolley_M.uasset" 895
"../../../../../UE4CPP4.22/ShootingGame/Content/Bunker/Textures/T_trolley_N.uasset" 896
"../../../../../UE4CPP4.22/ShootingGame/Content/Bunker/Textures/T_trolley_RO.uasset" 897
"../../../../../UE4CPP4.22/ShootingGame/Content/Bunker/Materials/M_trolley.uasset" 898
"../../../../../UE4CPP4.22/ShootingGame/Content/Bunker/Meshes/SM_rail.uasset" 899
"../../../../../UE4CPP4.22/ShootingGame/Content/Bunker/Meshes/SM_rail_cross.uasset" 900
"../../../../../UE4CPP4.22/ShootingGame/Content/Bunker/Meshes/SM_suport_01.uasset" 901
"../../../../../UE4CPP4.22/ShootingGame/Content/Bunker/Meshes/SM_suport_03.uasset" 902
"../../../../../UE4CPP4.22/ShootingGame/Content/Bunker/Textures/T_tarpaulin_a_AO.uasset" 903
"../../../../../UE4CPP4.22/ShootingGame/Content/Bunker/Textures/T_tarpaulin_a_BC.uasset" 904
"../../../../../UE4CPP4.22/ShootingGame/Content/Bunker/Textures/T_tarpaulin_a_N.uasset" 905
"../../../../../UE4CPP4.22/ShootingGame/Content/Bunker/Textures/T_tarpaulin_a_RO.uasset" 906
"../../../../../UE4CPP4.22/ShootingGame/Content/Bunker/Materials/M_tarpaulin_a.uasset" 907
"../../../../../UE4CPP4.22/ShootingGame/Content/Bunker/Meshes/SM_tarapuline_01.uasset" 908
"../../../../../UE4CPP4.22/ShootingGame/Content/Bunker/Textures/T_tarpaulin_b_AO.uasset" 909
"../../../../../UE4CPP4.22/ShootingGame/Content/Bunker/Textures/T_tarpaulin_b_BC.uasset" 910
"../../../../../UE4CPP4.22/ShootingGame/Content/Bunker/Textures/T_tarpaulin_b_N.uasset" 911
"../../../../../UE4CPP4.22/ShootingGame/Content/Bunker/Textures/T_tarpaulin_b_RO.uasset" 912
"../../../../../UE4CPP4.22/ShootingGame/Content/Bunker/Materials/M_tarpaulin_b.uasset" 913
"../../../../../UE4CPP4.22/ShootingGame/Content/Bunker/Meshes/SM_tarapuline_02.uasset" 914
"../../../../../UE4CPP4.22/ShootingGame/Content/Bunker/Meshes/SM_trolley.uasset" 915
"../../../../../UE4CPP4.22/ShootingGame/Content/Bunker/Textures/T_tunnel_AO.uasset" 916
"../../../../../UE4CPP4.22/ShootingGame/Content/Bunker/Textures/T_tunnel_BC.uasset" 917
"../../../../../UE4CPP4.22/ShootingGame/Content/Bunker/Textures/T_tunnel_M.uasset" 918
"../../../../../UE4CPP4.22/ShootingGame/Content/Bunker/Textures/T_tunnel_N.uasset" 919
"../../../../../UE4CPP4.22/ShootingGame/Content/Bunker/Textures/T_tunnel_RO.uasset" 920
"../../../../../UE4CPP4.22/ShootingGame/Content/Bunker/Materials/M_tunnel.uasset" 921
"../../../../../UE4CPP4.22/ShootingGame/Content/Bunker/Meshes/SM_tunnel.uasset" 922
"../../../../../UE4CPP4.22/ShootingGame/Content/Bunker/Meshes/SM_tunnel_door.uasset" 923
"../../../../../UE4CPP4.22/ShootingGame/Content/Bunker/Meshes/SM_tunnel_door_top.uasset" 924
"../../../../../UE4CPP4.22/ShootingGame/Content/Bunker/Meshes/SM_wall_arm.uasset" 925
"../../../../../UE4CPP4.22/ShootingGame/Content/Bunker/Meshes/SM_wall_b.uasset" 926
"../../../../../UE4CPP4.22/ShootingGame/Content/Bunker/Meshes/SM_wall_brick.uasset" 927
"../../../../../UE4CPP4.22/ShootingGame/Content/Bunker/Meshes/SM_wall_brick_broken.uasset" 928
"../../../../../UE4CPP4.22/ShootingGame/Content/Bunker/Meshes/SM_wall_b_top.uasset" 929
"../../../../../UE4CPP4.22/ShootingGame/Content/Bunker/Textures/T_wall_b_AO.uasset" 930
"../../../../../UE4CPP4.22/ShootingGame/Content/Bunker/Textures/T_wall_b_BC.uasset" 931
"../../../../../UE4CPP4.22/ShootingGame/Content/Bunker/Textures/T_wall_b_low_N.uasset" 932
"../../../../../UE4CPP4.22/ShootingGame/Content/Bunker/Textures/T_wall_b_RO.uasset" 933
"../../../../../UE4CPP4.22/ShootingGame/Content/Bunker/Materials/M_wall_b.uasset" 934
"../../../../../UE4CPP4.22/ShootingGame/Content/Bunker/Meshes/SM_wall_c.uasset" 935
"../../../../../UE4CPP4.22/ShootingGame/Content/Bunker/Meshes/SM_wall_concrete.uasset" 936
"../../../../../UE4CPP4.22/ShootingGame/Content/Bunker/Meshes/SM_wall_c_corner.uasset" 937
"../../../../../UE4CPP4.22/ShootingGame/Content/Bunker/Textures/T_pump_AO.uasset" 938
"../../../../../UE4CPP4.22/ShootingGame/Content/Bunker/Textures/T_pump_BC.uasset" 939
"../../../../../UE4CPP4.22/ShootingGame/Content/Bunker/Textures/T_pump_M.uasset" 940
"../../../../../UE4CPP4.22/ShootingGame/Content/Bunker/Textures/T_pump_N.uasset" 941
"../../../../../UE4CPP4.22/ShootingGame/Content/Bunker/Textures/T_pump_RO.uasset" 942
"../../../../../UE4CPP4.22/ShootingGame/Content/Bunker/Materials/M_water_pump.uasset" 943
"../../../../../UE4CPP4.22/ShootingGame/Content/Bunker/Meshes/SM_water_pump_AC_motor.uasset" 944
"../../../../../UE4CPP4.22/ShootingGame/Content/Bunker/Meshes/SM_water_pump_pump_low.uasset" 945
"../../../../../UE4CPP4.22/ShootingGame/Content/Bunker/Meshes/SM_water_pump_water_pupm.uasset" 946
"../../../../../UE4CPP4.22/ShootingGame/Content/Bunker/Meshes/SM_wires_02.uasset" 947
"../../../../../UE4CPP4.22/ShootingGame/Content/Bunker/Meshes/SM_wires_02_corner.uasset" 948
"../../../../../UE4CPP4.22/ShootingGame/Content/Bunker/Meshes/SM_wires_03.uasset" 949
"../../../../../UE4CPP4.22/ShootingGame/Content/Bunker/Meshes/SM_wires_03_corner.uasset" 950
"../../../../../UE4CPP4.22/ShootingGame/Content/Bunker/Meshes/SM_wires_04.uasset" 951
"../../../../../UE4CPP4.22/ShootingGame/Content/Bunker/Meshes/SM_wire_01.uasset" 952
"../../../../../UE4CPP4.22/ShootingGame/Content/Bunker/Meshes/SM_wire_02.uasset" 953
"../../../../../UE4CPP4.22/ShootingGame/Content/Bunker/Meshes/SM_wire_03.uasset" 954
"../../../../../UE4CPP4.22/ShootingGame/Content/Bunker/Meshes/SM_wire_04.uasset" 955
"../../../../../UE4CPP4.22/ShootingGame/Content/Bunker/Meshes/SM_wire_05.uasset" 956
"../../../../../UE4CPP4.22/ShootingGame/Content/Bunker/Meshes/SM_wire_06.uasset" 957
"../../../../../UE4CPP4.22/ShootingGame/Content/Bunker/Meshes/SM_wire_07.uasset" 958
"../../../../../UE4CPP4.22/ShootingGame/Content/Bunker/Meshes/SM_wire_08.uasset" 959
"../../../../../UE4CPP4.22/ShootingGame/Content/Geometry/Meshes/CubeMaterial.uasset" 960
"../../../../../UE4CPP4.22/ShootingGame/Content/Geometry/Meshes/1M_Cube.uasset" 961
"../../../../../UE4CPP4.22/ShootingGame/Content/Geometry/Meshes/1M_Cube_Chamfer.uasset" 962
"../../../../../UE4CPP4.22/ShootingGame/Content/Geometry/Meshes/TemplateFloor.uasset" 963
"../../../../../UE4CPP4.22/ShootingGame/Content/InfinityBladeEffects/Effects/FX_Textures/Tile/T_Black_32.uasset" 964
"../../../../../UE4CPP4.22/ShootingGame/Content/InfinityBladeEffects/Effects/Masters/M_Trans_Sprite_Master_DepthFade.uasset" 965
"../../../../../UE4CPP4.22/ShootingGame/Content/InfinityBladeEffects/Effects/FX_Textures/Liquid/T_bloodTest_4X6.uasset" 966
"../../../../../UE4CPP4.22/ShootingGame/Content/InfinityBladeEffects/Effects/FX_Materials/Liquid/M_Liquid_Spray_01_4X6_INST.uasset" 967
"../../../../../UE4CPP4.22/ShootingGame/Content/InfinityBladeEffects/Effects/Masters/M_Add_Sprite_Master.uasset" 968
"../../../../../UE4CPP4.22/ShootingGame/Content/InfinityBladeEffects/Effects/FX_Textures/Spark/T_Spark_Core.uasset" 969
"../../../../../UE4CPP4.22/ShootingGame/Content/InfinityBladeEffects/Effects/FX_Materials/Spark/M_Spark_Core_01_INST.uasset" 970
"../../../../../UE4CPP4.22/ShootingGame/Content/InfinityBladeEffects/Effects/FX_Combat_Base/Impact/P_ImpactSpark.uasset" 971
"../../../Engine/Content/Functions/Engine_MaterialFunctions01/ImageAdjustment/DeriveHDRfromLDR.uasset" 972
"../../../../../UE4CPP4.22/ShootingGame/Content/ParagonKwang/FX/Textures/Masks/T_DebrisConeMask.uasset" 973
"../../../../../UE4CPP4.22/ShootingGame/Content/ParagonKwang/FX/Textures/Smoke/T_MinionSmokeMask_Test.uasset" 974
"../../../../../UE4CPP4.22/ShootingGame/Content/ParagonKwang/FX/Textures/Tile/Noise/T_SmokeTile_N.uasset" 975
"../../../../../UE4CPP4.22/ShootingGame/Content/ParagonKwang/FX/Materials/Fire/M_Fire_Procedural_Round.uasset" 976
"../../../../../UE4CPP4.22/ShootingGame/Content/ParagonKwang/FX/Materials/Functions/MF_FX_EmissiveModulate.uasset" 977
"../../../../../UE4CPP4.22/ShootingGame/Content/ParagonKwang/FX/Textures/Flares/T_Flare_Spikeball.uasset" 978
"../../../../../UE4CPP4.22/ShootingGame/Content/ParagonKwang/FX/Materials/Flares/M_CleanseFlare.uasset" 979
"../../../Engine/Content/Functions/Engine_MaterialFunctions01/Gradient/RadialGradient.uasset" 980
"../../../../../UE4CPP4.22/ShootingGame/Content/ParagonKwang/FX/Materials/Flares/M_Radial_Gradient_DepthFade.uasset" 981
"../../../Engine/Content/Functions/Engine_MaterialFunctions02/Utility/DebugTimeSine.uasset" 982
"../../../../../UE4CPP4.22/ShootingGame/Content/ParagonKwang/FX/Materials/Functions/MF_RandomSubUV_GPUSprites.uasset" 983
"../../../../../UE4CPP4.22/ShootingGame/Content/ParagonKwang/FX/Textures/Energy/Electricity/T_Lightning_B_Tile_Chromatic.uasset" 984
"../../../../../UE4CPP4.22/ShootingGame/Content/ParagonKwang/FX/Textures/Energy/Plasma/T_Inky_Smoke.uasset" 985
"../../../../../UE4CPP4.22/ShootingGame/Content/ParagonKwang/FX/Textures/Energy/Plasma/T_TomaDetailSparkles.uasset" 986
"../../../../../UE4CPP4.22/ShootingGame/Content/ParagonKwang/FX/Textures/Tile/Cloud/T_Cloud_Wisp_Chromatic_Tile.uasset" 987
"../../../../../UE4CPP4.22/ShootingGame/Content/ParagonKwang/FX/Textures/Tile/Noise/T_Soft_Noise.uasset" 988
"../../../../../UE4CPP4.22/ShootingGame/Content/ParagonKwang/FX/Textures/Tile/Organic/T_Spores_Tile.uasset" 989
"../../../../../UE4CPP4.22/ShootingGame/Content/ParagonKwang/FX/Materials/Smoke/M_Magical_Threads_GPU.uasset" 990
"../../../../../UE4CPP4.22/ShootingGame/Content/ParagonKwang/FX/Textures/Energy/Plasma/T_Plasma_Wisps.uasset" 991
"../../../../../UE4CPP4.22/ShootingGame/Content/ParagonKwang/FX/Materials/Smoke/Plasma/M_Turbulent_SmokeSubUV.uasset" 992
"../../../../../UE4CPP4.22/ShootingGame/Content/ParagonKwang/FX/Textures/Sparks/T_Spark_Soft.uasset" 993
"../../../../../UE4CPP4.22/ShootingGame/Content/ParagonKwang/FX/Materials/Sparks/M_Hotdog_Spark_VLerp_MASTER.uasset" 994
"../../../../../UE4CPP4.22/ShootingGame/Content/ParagonKwang/FX/Particles/Abilities/Primary/FX/P_Kwang_Primary_Impact.uasset" 995
"../../../../../UE4CPP4.22/ShootingGame/Content/ThirdPerson/Meshes/RampMaterial.uasset" 996
"../../../../../UE4CPP4.22/ShootingGame/Content/ThirdPerson/Meshes/Bump_StaticMesh.uasset" 997
"../../../../../UE4CPP4.22/ShootingGame/Content/ThirdPerson/Meshes/LeftArm_StaticMesh.uasset" 998
"../../../../../UE4CPP4.22/ShootingGame/Content/ThirdPerson/Meshes/Linear_Stair_StaticMesh.uasset" 999
"../../../../../UE4CPP4.22/ShootingGame/Content/ThirdPerson/Meshes/Ramp_StaticMesh.uasset" 1000
"../../../../../UE4CPP4.22/ShootingGame/Content/ThirdPerson/Meshes/RightArm_StaticMesh.uasset" 1001
"../../Plugins/2D/Paper2D/Content/PlaceholderTextures/DummySpriteTexture.uasset" 1002
"../../Plugins/2D/Paper2D/Content/DummySprite.uasset" 1003
"../../Plugins/2D/Paper2D/Content/DefaultPaperTerrainMaterial.uasset" 1004
"../../Plugins/2D/Paper2D/Content/DefaultSpriteMaterial.uasset" 1005
"../../Plugins/2D/Paper2D/Content/MaskedUnlitSpriteMaterial.uasset" 1006
"../../Plugins/2D/Paper2D/Content/OpaqueUnlitSpriteMaterial.uasset" 1007
"../../Plugins/Enterprise/DatasmithContent/Content/Blueprints/FBXImporter/ArrayOfActor.uasset" 1008
"../../Plugins/Enterprise/DatasmithContent/Content/Blueprints/FBXImporter/ArrayOfSwitch.uasset" 1009
"../../Plugins/Enterprise/DatasmithContent/Content/Blueprints/FBXImporter/BP_SceneNode.uasset" 1010
"../../Plugins/Enterprise/DatasmithContent/Content/Blueprints/FBXImporter/BP_Switch.uasset" 1011
"../../Plugins/Enterprise/DatasmithContent/Content/Blueprints/FBXImporter/BP_SceneRoot.uasset" 1012
"../../Plugins/Enterprise/DatasmithContent/Content/Blueprints/FBXImporter/FBXImporterUtils.uasset" 1013
"../../Plugins/Enterprise/DatasmithContent/Content/Blueprints/FBXImporter/Animation/DeltaGenAnimationTrackType.uasset" 1014
"../../Plugins/Enterprise/DatasmithContent/Content/Blueprints/FBXImporter/Animation/VREDAnimationTrackComponent.uasset" 1015
"../../Plugins/Enterprise/DatasmithContent/Content/Blueprints/FBXImporter/Animation/VREDAnimationTrackType.uasset" 1016
"../../Plugins/Enterprise/DatasmithContent/Content/Blueprints/FBXImporter/Animation/VREDAnimCurveComponent.uasset" 1017
"../../Plugins/Enterprise/DatasmithContent/Content/Blueprints/FBXImporter/Animation/VREDAnimCurveType.uasset" 1018
"../../Plugins/Enterprise/DatasmithContent/Content/Blueprints/FBXImporter/Variants/VariantSwitchType.uasset" 1019
"../../Plugins/Enterprise/DatasmithContent/Content/Blueprints/FBXImporter/Variants/VREDVariantSwitchType.uasset" 1020
"../../Plugins/Enterprise/DatasmithContent/Content/Blueprints/FBXImporter/Variants/VREDVariantType.uasset" 1021
"../../Plugins/Runtime/Oculus/OculusVR/Content/OculusMR_RenderTarget.uasset" 1022
"../../../Engine/Content/Functions/Engine_MaterialFunctions02/Utility/BreakOutFloat4Components.uasset" 1023
"../../Plugins/Runtime/Oculus/OculusVR/Content/Materials/OculusMR_ChromaKey.uasset" 1024
"../../Plugins/Runtime/Oculus/OculusVR/Content/Materials/OculusMR_ChromaKey_Lit.uasset" 1025
"../../Plugins/Runtime/Oculus/OculusVR/Content/Materials/OculusMR_OpaqueColoredMaterial.uasset" 1026
"../../Plugins/Runtime/Oculus/OculusVR/Content/Materials/OculusMR_WhiteMaterial.uasset" 1027
"../../Plugins/Runtime/Oculus/OculusVR/Content/Materials/PokeAHoleMaterial.uasset" 1028
"../../Plugins/Runtime/Oculus/OculusVR/Content/Textures/GearVRController_AO.uasset" 1029
"../../Plugins/Runtime/Oculus/OculusVR/Content/Textures/GearVRController_Color.uasset" 1030
"../../Plugins/Runtime/Oculus/OculusVR/Content/Textures/GearVRController_Normal.uasset" 1031
"../../Plugins/Runtime/Oculus/OculusVR/Content/Materials/GearVRControllerMaterial.uasset" 1032
"../../Plugins/Runtime/Oculus/OculusVR/Content/Meshes/GearVrController.uasset" 1033
"../../Plugins/Runtime/Oculus/OculusVR/Content/Textures/touchController_albedo.uasset" 1034
"../../Plugins/Runtime/Oculus/OculusVR/Content/Textures/touchController_controlmap.uasset" 1035
"../../Plugins/Runtime/Oculus/OculusVR/Content/Materials/touchController_mat.uasset" 1036
"../../Plugins/Runtime/Oculus/OculusVR/Content/Meshes/LeftTouchController.uasset" 1037
"../../Plugins/Runtime/Oculus/OculusVR/Content/Meshes/RiftHMD.uasset" 1038
"../../Plugins/Runtime/Oculus/OculusVR/Content/Meshes/RightTouchController.uasset" 1039
"../../../Engine/Content/Maps/Entry_BuiltData.uasset" 1040
"../../../Engine/Content/Maps/Entry.umap" 1041
"../../../../../UE4CPP4.22/ShootingGame/Content/BluePrint/Game/BP_SGMainMenuGameMode.uasset" 1042
"../../../../../UE4CPP4.22/ShootingGame/Content/Maps/MainMenu.umap" 1043
